This is pdfTeX, Version 3.14159265-2.6-1.40.20 (TeX Live 2019/Debian) (preloaded format=pdflatex 2022.7.11)  9 NOV 2022 16:42
entering extended mode
 restricted \write18 enabled.
 file:line:error style messages enabled.
 %&-line parsing enabled.
**/home/federico/Documents/journalClubDirtrel/main.tex
(/home/federico/Documents/journalClubDirtrel/main.tex
LaTeX2e <2020-02-02> patch level 2
L3 programming layer <2020-02-14> (/usr/share/texlive/texmf-dist/tex/latex/beamer/beamer.cls
Document Class: beamer 2019/09/29 v3.57 A class for typesetting presentations
(/usr/share/texlive/texmf-dist/tex/latex/beamer/beamerbasemodes.sty (/usr/share/texlive/texmf-dist/tex/latex/etoolbox/etoolbox.sty
Package: etoolbox 2019/09/21 v2.5h e-TeX tools for LaTeX (JAW)
\etb@tempcnta=\count167
)
\beamer@tempbox=\box45
\beamer@tempcount=\count168
\c@beamerpauses=\count169
 (/usr/share/texlive/texmf-dist/tex/latex/beamer/beamerbasedecode.sty
\beamer@slideinframe=\count170
\beamer@minimum=\count171
\beamer@decode@box=\box46
)
\beamer@commentbox=\box47
\beamer@modecount=\count172
) (/usr/share/texlive/texmf-dist/tex/generic/iftex/ifpdf.sty
Package: ifpdf 2019/10/25 v3.4 ifpdf legacy package. Use iftex instead.
 (/usr/share/texlive/texmf-dist/tex/generic/iftex/iftex.sty
Package: iftex 2019/11/07 v1.0c TeX engine tests
))
\headdp=\dimen134
\footheight=\dimen135
\sidebarheight=\dimen136
\beamer@tempdim=\dimen137
\beamer@finalheight=\dimen138
\beamer@animht=\dimen139
\beamer@animdp=\dimen140
\beamer@animwd=\dimen141
\beamer@leftmargin=\dimen142
\beamer@rightmargin=\dimen143
\beamer@leftsidebar=\dimen144
\beamer@rightsidebar=\dimen145
\beamer@boxsize=\dimen146
\beamer@vboxoffset=\dimen147
\beamer@descdefault=\dimen148
\beamer@descriptionwidth=\dimen149
\beamer@lastskip=\skip47
\beamer@areabox=\box48
\beamer@animcurrent=\box49
\beamer@animshowbox=\box50
\beamer@sectionbox=\box51
\beamer@logobox=\box52
\beamer@linebox=\box53
\beamer@sectioncount=\count173
\beamer@subsubsectionmax=\count174
\beamer@subsectionmax=\count175
\beamer@sectionmax=\count176
\beamer@totalheads=\count177
\beamer@headcounter=\count178
\beamer@partstartpage=\count179
\beamer@sectionstartpage=\count180
\beamer@subsectionstartpage=\count181
\beamer@animationtempa=\count182
\beamer@animationtempb=\count183
\beamer@xpos=\count184
\beamer@ypos=\count185
\beamer@ypos@offset=\count186
\beamer@showpartnumber=\count187
\beamer@currentsubsection=\count188
\beamer@coveringdepth=\count189
\beamer@sectionadjust=\count190
\beamer@tocsectionnumber=\count191
 (/usr/share/texlive/texmf-dist/tex/latex/beamer/beamerbaseoptions.sty (/usr/share/texlive/texmf-dist/tex/latex/graphics/keyval.sty
Package: keyval 2014/10/28 v1.15 key=value parser (DPC)
\KV@toks@=\toks14
))
\beamer@paperwidth=\skip48
\beamer@paperheight=\skip49
 (/usr/share/texlive/texmf-dist/tex/latex/geometry/geometry.sty
Package: geometry 2020/01/02 v5.9 Page Geometry
 (/usr/share/texlive/texmf-dist/tex/generic/iftex/ifvtex.sty
Package: ifvtex 2019/10/25 v1.7 ifvtex legacy package. Use iftex instead.
)
\Gm@cnth=\count192
\Gm@cntv=\count193
\c@Gm@tempcnt=\count194
\Gm@bindingoffset=\dimen150
\Gm@wd@mp=\dimen151
\Gm@odd@mp=\dimen152
\Gm@even@mp=\dimen153
\Gm@layoutwidth=\dimen154
\Gm@layoutheight=\dimen155
\Gm@layouthoffset=\dimen156
\Gm@layoutvoffset=\dimen157
\Gm@dimlist=\toks15
) (/usr/share/texlive/texmf-dist/tex/latex/extsizes/size8.clo
File: size8.clo 1999/11/11 v1.4a NON-Standard LaTeX file (size option)
) (/usr/share/texlive/texmf-dist/tex/latex/pgf/basiclayer/pgfcore.sty (/usr/share/texlive/texmf-dist/tex/latex/graphics/graphicx.sty
Package: graphicx 2019/11/30 v1.2a Enhanced LaTeX Graphics (DPC,SPQR)
 (/usr/share/texlive/texmf-dist/tex/latex/graphics/graphics.sty
Package: graphics 2019/11/30 v1.4a Standard LaTeX Graphics (DPC,SPQR)
 (/usr/share/texlive/texmf-dist/tex/latex/graphics/trig.sty
Package: trig 2016/01/03 v1.10 sin cos tan (DPC)
) (/usr/share/texlive/texmf-dist/tex/latex/graphics-cfg/graphics.cfg
File: graphics.cfg 2016/06/04 v1.11 sample graphics configuration
)
Package graphics Info: Driver file: pdftex.def on input line 105.
 (/usr/share/texlive/texmf-dist/tex/latex/graphics-def/pdftex.def
File: pdftex.def 2018/01/08 v1.0l Graphics/color driver for pdftex
))
\Gin@req@height=\dimen158
\Gin@req@width=\dimen159
) (/usr/share/texlive/texmf-dist/tex/latex/pgf/systemlayer/pgfsys.sty (/usr/share/texlive/texmf-dist/tex/latex/pgf/utilities/pgfrcs.sty (/usr/share/texlive/texmf-dist/tex/generic/pgf/utilities/pgfutil-common.tex
\pgfutil@everybye=\toks16
\pgfutil@tempdima=\dimen160
\pgfutil@tempdimb=\dimen161
 (/usr/share/texlive/texmf-dist/tex/generic/pgf/utilities/pgfutil-common-lists.tex)) (/usr/share/texlive/texmf-dist/tex/generic/pgf/utilities/pgfutil-latex.def
\pgfutil@abb=\box54
 (/usr/share/texlive/texmf-dist/tex/latex/ms/everyshi.sty
Package: everyshi 2001/05/15 v3.00 EveryShipout Package (MS)
)) (/usr/share/texlive/texmf-dist/tex/generic/pgf/utilities/pgfrcs.code.tex (/usr/share/texlive/texmf-dist/tex/generic/pgf/pgf.revision.tex)
Package: pgfrcs 2020/01/08 v3.1.5b (3.1.5b)
)) (/usr/share/texlive/texmf-dist/tex/generic/pgf/systemlayer/pgfsys.code.tex
Package: pgfsys 2020/01/08 v3.1.5b (3.1.5b)
 (/usr/share/texlive/texmf-dist/tex/generic/pgf/utilities/pgfkeys.code.tex
\pgfkeys@pathtoks=\toks17
\pgfkeys@temptoks=\toks18
 (/usr/share/texlive/texmf-dist/tex/generic/pgf/utilities/pgfkeysfiltered.code.tex
\pgfkeys@tmptoks=\toks19
))
\pgf@x=\dimen162
\pgf@y=\dimen163
\pgf@xa=\dimen164
\pgf@ya=\dimen165
\pgf@xb=\dimen166
\pgf@yb=\dimen167
\pgf@xc=\dimen168
\pgf@yc=\dimen169
\pgf@xd=\dimen170
\pgf@yd=\dimen171
\w@pgf@writea=\write3
\r@pgf@reada=\read2
\c@pgf@counta=\count195
\c@pgf@countb=\count196
\c@pgf@countc=\count197
\c@pgf@countd=\count198
\t@pgf@toka=\toks20
\t@pgf@tokb=\toks21
\t@pgf@tokc=\toks22
\pgf@sys@id@count=\count199
 (/usr/share/texlive/texmf-dist/tex/generic/pgf/systemlayer/pgf.cfg
File: pgf.cfg 2020/01/08 v3.1.5b (3.1.5b)
)
Driver file for pgf: pgfsys-pdftex.def
 (/usr/share/texlive/texmf-dist/tex/generic/pgf/systemlayer/pgfsys-pdftex.def
File: pgfsys-pdftex.def 2020/01/08 v3.1.5b (3.1.5b)
 (/usr/share/texlive/texmf-dist/tex/generic/pgf/systemlayer/pgfsys-common-pdf.def
File: pgfsys-common-pdf.def 2020/01/08 v3.1.5b (3.1.5b)
))) (/usr/share/texlive/texmf-dist/tex/generic/pgf/systemlayer/pgfsyssoftpath.code.tex
File: pgfsyssoftpath.code.tex 2020/01/08 v3.1.5b (3.1.5b)
\pgfsyssoftpath@smallbuffer@items=\count266
\pgfsyssoftpath@bigbuffer@items=\count267
) (/usr/share/texlive/texmf-dist/tex/generic/pgf/systemlayer/pgfsysprotocol.code.tex
File: pgfsysprotocol.code.tex 2020/01/08 v3.1.5b (3.1.5b)
)) (/usr/share/texlive/texmf-dist/tex/latex/xcolor/xcolor.sty
Package: xcolor 2016/05/11 v2.12 LaTeX color extensions (UK)
 (/usr/share/texlive/texmf-dist/tex/latex/graphics-cfg/color.cfg
File: color.cfg 2016/01/02 v1.6 sample color configuration
)
Package xcolor Info: Driver file: pdftex.def on input line 225.
Package xcolor Info: Model `cmy' substituted by `cmy0' on input line 1348.
Package xcolor Info: Model `hsb' substituted by `rgb' on input line 1352.
Package xcolor Info: Model `RGB' extended on input line 1364.
Package xcolor Info: Model `HTML' substituted by `rgb' on input line 1366.
Package xcolor Info: Model `Hsb' substituted by `hsb' on input line 1367.
Package xcolor Info: Model `tHsb' substituted by `hsb' on input line 1368.
Package xcolor Info: Model `HSB' substituted by `hsb' on input line 1369.
Package xcolor Info: Model `Gray' substituted by `gray' on input line 1370.
Package xcolor Info: Model `wave' substituted by `hsb' on input line 1371.
) (/usr/share/texlive/texmf-dist/tex/generic/pgf/basiclayer/pgfcore.code.tex
Package: pgfcore 2020/01/08 v3.1.5b (3.1.5b)
 (/usr/share/texlive/texmf-dist/tex/generic/pgf/math/pgfmath.code.tex (/usr/share/texlive/texmf-dist/tex/generic/pgf/math/pgfmathcalc.code.tex (/usr/share/texlive/texmf-dist/tex/generic/pgf/math/pgfmathutil.code.tex) (/usr/share/texlive/texmf-dist/tex/generic/pgf/math/pgfmathparser.code.tex
\pgfmath@dimen=\dimen172
\pgfmath@count=\count268
\pgfmath@box=\box55
\pgfmath@toks=\toks23
\pgfmath@stack@operand=\toks24
\pgfmath@stack@operation=\toks25
) (/usr/share/texlive/texmf-dist/tex/generic/pgf/math/pgfmathfunctions.code.tex (/usr/share/texlive/texmf-dist/tex/generic/pgf/math/pgfmathfunctions.basic.code.tex) (/usr/share/texlive/texmf-dist/tex/generic/pgf/math/pgfmathfunctions.trigonometric.code.tex) (/usr/share/texlive/texmf-dist/tex/generic/pgf/math/pgfmathfunctions.random.code.tex) (/usr/share/texlive/texmf-dist/tex/generic/pgf/math/pgfmathfunctions.comparison.code.tex) (/usr/share/texlive/texmf-dist/tex/generic/pgf/math/pgfmathfunctions.base.code.tex) (/usr/share/texlive/texmf-dist/tex/generic/pgf/math/pgfmathfunctions.round.code.tex) (/usr/share/texlive/texmf-dist/tex/generic/pgf/math/pgfmathfunctions.misc.code.tex) (/usr/share/texlive/texmf-dist/tex/generic/pgf/math/pgfmathfunctions.integerarithmetics.code.tex))) (/usr/share/texlive/texmf-dist/tex/generic/pgf/math/pgfmathfloat.code.tex
\c@pgfmathroundto@lastzeros=\count269
)) (/usr/share/texlive/texmf-dist/tex/generic/pgf/math/pgfint.code.tex) (/usr/share/texlive/texmf-dist/tex/generic/pgf/basiclayer/pgfcorepoints.code.tex
File: pgfcorepoints.code.tex 2020/01/08 v3.1.5b (3.1.5b)
\pgf@picminx=\dimen173
\pgf@picmaxx=\dimen174
\pgf@picminy=\dimen175
\pgf@picmaxy=\dimen176
\pgf@pathminx=\dimen177
\pgf@pathmaxx=\dimen178
\pgf@pathminy=\dimen179
\pgf@pathmaxy=\dimen180
\pgf@xx=\dimen181
\pgf@xy=\dimen182
\pgf@yx=\dimen183
\pgf@yy=\dimen184
\pgf@zx=\dimen185
\pgf@zy=\dimen186
) (/usr/share/texlive/texmf-dist/tex/generic/pgf/basiclayer/pgfcorepathconstruct.code.tex
File: pgfcorepathconstruct.code.tex 2020/01/08 v3.1.5b (3.1.5b)
\pgf@path@lastx=\dimen187
\pgf@path@lasty=\dimen188
) (/usr/share/texlive/texmf-dist/tex/generic/pgf/basiclayer/pgfcorepathusage.code.tex
File: pgfcorepathusage.code.tex 2020/01/08 v3.1.5b (3.1.5b)
\pgf@shorten@end@additional=\dimen189
\pgf@shorten@start@additional=\dimen190
) (/usr/share/texlive/texmf-dist/tex/generic/pgf/basiclayer/pgfcorescopes.code.tex
File: pgfcorescopes.code.tex 2020/01/08 v3.1.5b (3.1.5b)
\pgfpic=\box56
\pgf@hbox=\box57
\pgf@layerbox@main=\box58
\pgf@picture@serial@count=\count270
) (/usr/share/texlive/texmf-dist/tex/generic/pgf/basiclayer/pgfcoregraphicstate.code.tex
File: pgfcoregraphicstate.code.tex 2020/01/08 v3.1.5b (3.1.5b)
\pgflinewidth=\dimen191
) (/usr/share/texlive/texmf-dist/tex/generic/pgf/basiclayer/pgfcoretransformations.code.tex
File: pgfcoretransformations.code.tex 2020/01/08 v3.1.5b (3.1.5b)
\pgf@pt@x=\dimen192
\pgf@pt@y=\dimen193
\pgf@pt@temp=\dimen194
) (/usr/share/texlive/texmf-dist/tex/generic/pgf/basiclayer/pgfcorequick.code.tex
File: pgfcorequick.code.tex 2020/01/08 v3.1.5b (3.1.5b)
) (/usr/share/texlive/texmf-dist/tex/generic/pgf/basiclayer/pgfcoreobjects.code.tex
File: pgfcoreobjects.code.tex 2020/01/08 v3.1.5b (3.1.5b)
) (/usr/share/texlive/texmf-dist/tex/generic/pgf/basiclayer/pgfcorepathprocessing.code.tex
File: pgfcorepathprocessing.code.tex 2020/01/08 v3.1.5b (3.1.5b)
) (/usr/share/texlive/texmf-dist/tex/generic/pgf/basiclayer/pgfcorearrows.code.tex
File: pgfcorearrows.code.tex 2020/01/08 v3.1.5b (3.1.5b)
\pgfarrowsep=\dimen195
) (/usr/share/texlive/texmf-dist/tex/generic/pgf/basiclayer/pgfcoreshade.code.tex
File: pgfcoreshade.code.tex 2020/01/08 v3.1.5b (3.1.5b)
\pgf@max=\dimen196
\pgf@sys@shading@range@num=\count271
\pgf@shadingcount=\count272
) (/usr/share/texlive/texmf-dist/tex/generic/pgf/basiclayer/pgfcoreimage.code.tex
File: pgfcoreimage.code.tex 2020/01/08 v3.1.5b (3.1.5b)
 (/usr/share/texlive/texmf-dist/tex/generic/pgf/basiclayer/pgfcoreexternal.code.tex
File: pgfcoreexternal.code.tex 2020/01/08 v3.1.5b (3.1.5b)
\pgfexternal@startupbox=\box59
)) (/usr/share/texlive/texmf-dist/tex/generic/pgf/basiclayer/pgfcorelayers.code.tex
File: pgfcorelayers.code.tex 2020/01/08 v3.1.5b (3.1.5b)
) (/usr/share/texlive/texmf-dist/tex/generic/pgf/basiclayer/pgfcoretransparency.code.tex
File: pgfcoretransparency.code.tex 2020/01/08 v3.1.5b (3.1.5b)
) (/usr/share/texlive/texmf-dist/tex/generic/pgf/basiclayer/pgfcorepatterns.code.tex
File: pgfcorepatterns.code.tex 2020/01/08 v3.1.5b (3.1.5b)
) (/usr/share/texlive/texmf-dist/tex/generic/pgf/basiclayer/pgfcorerdf.code.tex
File: pgfcorerdf.code.tex 2020/01/08 v3.1.5b (3.1.5b)
))) (/usr/share/texlive/texmf-dist/tex/latex/pgf/utilities/xxcolor.sty
Package: xxcolor 2003/10/24 ver 0.1
\XC@nummixins=\count273
\XC@countmixins=\count274
) (/usr/share/texlive/texmf-dist/tex/generic/atbegshi/atbegshi.sty
Package: atbegshi 2019/12/05 v1.19 At begin shipout hook (HO)
 (/usr/share/texlive/texmf-dist/tex/generic/infwarerr/infwarerr.sty
Package: infwarerr 2019/12/03 v1.5 Providing info/warning/error messages (HO)
) (/usr/share/texlive/texmf-dist/tex/generic/ltxcmds/ltxcmds.sty
Package: ltxcmds 2019/12/15 v1.24 LaTeX kernel commands for general use (HO)
)) (/usr/share/texlive/texmf-dist/tex/latex/hyperref/hyperref.sty
Package: hyperref 2020/01/14 v7.00d Hypertext links for LaTeX
 (/usr/share/texlive/texmf-dist/tex/latex/pdftexcmds/pdftexcmds.sty
Package: pdftexcmds 2019/11/24 v0.31 Utility functions of pdfTeX for LuaTeX (HO)
Package pdftexcmds Info: \pdf@primitive is available.
Package pdftexcmds Info: \pdf@ifprimitive is available.
Package pdftexcmds Info: \pdfdraftmode found.
) (/usr/share/texlive/texmf-dist/tex/generic/kvsetkeys/kvsetkeys.sty
Package: kvsetkeys 2019/12/15 v1.18 Key value parser (HO)
) (/usr/share/texlive/texmf-dist/tex/generic/kvdefinekeys/kvdefinekeys.sty
Package: kvdefinekeys 2019-12-19 v1.6 Define keys (HO)
) (/usr/share/texlive/texmf-dist/tex/generic/pdfescape/pdfescape.sty
Package: pdfescape 2019/12/09 v1.15 Implements pdfTeX's escape features (HO)
) (/usr/share/texlive/texmf-dist/tex/latex/hycolor/hycolor.sty
Package: hycolor 2020-01-27 v1.10 Color options for hyperref/bookmark (HO)
) (/usr/share/texlive/texmf-dist/tex/latex/letltxmacro/letltxmacro.sty
Package: letltxmacro 2019/12/03 v1.6 Let assignment for LaTeX macros (HO)
) (/usr/share/texlive/texmf-dist/tex/latex/auxhook/auxhook.sty
Package: auxhook 2019-12-17 v1.6 Hooks for auxiliary files (HO)
) (/usr/share/texlive/texmf-dist/tex/latex/kvoptions/kvoptions.sty
Package: kvoptions 2019/11/29 v3.13 Key value format for package options (HO)
)
\@linkdim=\dimen197
\Hy@linkcounter=\count275
\Hy@pagecounter=\count276
 (/usr/share/texlive/texmf-dist/tex/latex/hyperref/pd1enc.def
File: pd1enc.def 2020/01/14 v7.00d Hyperref: PDFDocEncoding definition (HO)
Now handling font encoding PD1 ...
... no UTF-8 mapping file for font encoding PD1
) (/usr/share/texlive/texmf-dist/tex/generic/intcalc/intcalc.sty
Package: intcalc 2019/12/15 v1.3 Expandable calculations with integers (HO)
) (/usr/share/texlive/texmf-dist/tex/generic/etexcmds/etexcmds.sty
Package: etexcmds 2019/12/15 v1.7 Avoid name clashes with e-TeX commands (HO)
)
\Hy@SavedSpaceFactor=\count277
\pdfmajorversion=\count278
Package hyperref Info: Option `bookmarks' set `true' on input line 4421.
Package hyperref Info: Option `bookmarksopen' set `true' on input line 4421.
Package hyperref Info: Option `implicit' set `false' on input line 4421.
Package hyperref Info: Hyper figures OFF on input line 4547.
Package hyperref Info: Link nesting OFF on input line 4552.
Package hyperref Info: Hyper index ON on input line 4555.
Package hyperref Info: Plain pages OFF on input line 4562.
Package hyperref Info: Backreferencing OFF on input line 4567.
Package hyperref Info: Implicit mode OFF; no redefinition of LaTeX internals.
Package hyperref Info: Bookmarks ON on input line 4800.
\c@Hy@tempcnt=\count279
 (/usr/share/texlive/texmf-dist/tex/latex/url/url.sty
\Urlmuskip=\muskip16
Package: url 2013/09/16  ver 3.4  Verb mode for urls, etc.
)
LaTeX Info: Redefining \url on input line 5159.
\XeTeXLinkMargin=\dimen198
 (/usr/share/texlive/texmf-dist/tex/generic/bitset/bitset.sty
Package: bitset 2019/12/09 v1.3 Handle bit-vector datatype (HO)
 (/usr/share/texlive/texmf-dist/tex/generic/bigintcalc/bigintcalc.sty
Package: bigintcalc 2019/12/15 v1.5 Expandable calculations on big integers (HO)
))
\Fld@menulength=\count280
\Field@Width=\dimen199
\Fld@charsize=\dimen256
Package hyperref Info: Hyper figures OFF on input line 6430.
Package hyperref Info: Link nesting OFF on input line 6435.
Package hyperref Info: Hyper index ON on input line 6438.
Package hyperref Info: backreferencing OFF on input line 6445.
Package hyperref Info: Link coloring OFF on input line 6450.
Package hyperref Info: Link coloring with OCG OFF on input line 6455.
Package hyperref Info: PDF/A mode OFF on input line 6460.
LaTeX Info: Redefining \ref on input line 6500.
LaTeX Info: Redefining \pageref on input line 6504.
\Hy@abspage=\count281


Package hyperref Message: Stopped early.

)
Package hyperref Info: Driver (autodetected): hpdftex.
 (/usr/share/texlive/texmf-dist/tex/latex/hyperref/hpdftex.def
File: hpdftex.def 2020/01/14 v7.00d Hyperref driver for pdfTeX
 (/usr/share/texlive/texmf-dist/tex/latex/atveryend/atveryend.sty
Package: atveryend 2019-12-11 v1.11 Hooks at the very end of document (HO)
)
\Fld@listcount=\count282
\c@bookmark@seq@number=\count283
 (/usr/share/texlive/texmf-dist/tex/latex/rerunfilecheck/rerunfilecheck.sty
Package: rerunfilecheck 2019/12/05 v1.9 Rerun checks for auxiliary files (HO)
 (/usr/share/texlive/texmf-dist/tex/generic/uniquecounter/uniquecounter.sty
Package: uniquecounter 2019/12/15 v1.4 Provide unlimited unique counter (HO)
)
Package uniquecounter Info: New unique counter `rerunfilecheck' on input line 286.
)) (/usr/share/texlive/texmf-dist/tex/latex/beamer/beamerbaserequires.sty (/usr/share/texlive/texmf-dist/tex/latex/beamer/beamerbasecompatibility.sty) (/usr/share/texlive/texmf-dist/tex/latex/beamer/beamerbasefont.sty (/usr/share/texlive/texmf-dist/tex/latex/amsfonts/amssymb.sty
Package: amssymb 2013/01/14 v3.01 AMS font symbols
 (/usr/share/texlive/texmf-dist/tex/latex/amsfonts/amsfonts.sty
Package: amsfonts 2013/01/14 v3.01 Basic AMSFonts support
\@emptytoks=\toks26
\symAMSa=\mathgroup4
\symAMSb=\mathgroup5
LaTeX Font Info:    Redeclaring math symbol \hbar on input line 98.
LaTeX Font Info:    Overwriting math alphabet `\mathfrak' in version `bold'
(Font)                  U/euf/m/n --> U/euf/b/n on input line 106.
)) (/usr/share/texlive/texmf-dist/tex/latex/sansmathaccent/sansmathaccent.sty
Package: sansmathaccent 2020/01/31
 (/usr/share/texlive/texmf-dist/tex/latex/koma-script/scrlfile.sty
Package: scrlfile 2020/01/24 v3.29 KOMA-Script package (loading files)
))) (/usr/share/texlive/texmf-dist/tex/latex/beamer/beamerbasetranslator.sty (/usr/share/texlive/texmf-dist/tex/latex/translator/translator.sty
Package: translator 2019-05-31 v1.12a Easy translation of strings in LaTeX
)) (/usr/share/texlive/texmf-dist/tex/latex/beamer/beamerbasemisc.sty) (/usr/share/texlive/texmf-dist/tex/latex/beamer/beamerbasetwoscreens.sty) (/usr/share/texlive/texmf-dist/tex/latex/beamer/beamerbaseoverlay.sty
\beamer@argscount=\count284
\beamer@lastskipcover=\skip50
\beamer@trivlistdepth=\count285
) (/usr/share/texlive/texmf-dist/tex/latex/beamer/beamerbasetitle.sty) (/usr/share/texlive/texmf-dist/tex/latex/beamer/beamerbasesection.sty
\c@lecture=\count286
\c@part=\count287
\c@section=\count288
\c@subsection=\count289
\c@subsubsection=\count290
) (/usr/share/texlive/texmf-dist/tex/latex/beamer/beamerbaseframe.sty
\beamer@framebox=\box60
\beamer@frametitlebox=\box61
\beamer@zoombox=\box62
\beamer@zoomcount=\count291
\beamer@zoomframecount=\count292
\beamer@frametextheight=\dimen257
\c@subsectionslide=\count293
\beamer@frametopskip=\skip51
\beamer@framebottomskip=\skip52
\beamer@frametopskipautobreak=\skip53
\beamer@framebottomskipautobreak=\skip54
\beamer@envbody=\toks27
\framewidth=\dimen258
\c@framenumber=\count294
) (/usr/share/texlive/texmf-dist/tex/latex/beamer/beamerbaseverbatim.sty
\beamer@verbatimfileout=\write4
) (/usr/share/texlive/texmf-dist/tex/latex/beamer/beamerbaseframesize.sty
\beamer@splitbox=\box63
\beamer@autobreakcount=\count295
\beamer@autobreaklastheight=\dimen259
\beamer@frametitletoks=\toks28
\beamer@framesubtitletoks=\toks29
) (/usr/share/texlive/texmf-dist/tex/latex/beamer/beamerbaseframecomponents.sty
\beamer@footins=\box64
) (/usr/share/texlive/texmf-dist/tex/latex/beamer/beamerbasecolor.sty) (/usr/share/texlive/texmf-dist/tex/latex/beamer/beamerbasenotes.sty
\beamer@frameboxcopy=\box65
) (/usr/share/texlive/texmf-dist/tex/latex/beamer/beamerbasetoc.sty) (/usr/share/texlive/texmf-dist/tex/latex/beamer/beamerbasetemplates.sty
\beamer@sbttoks=\toks30
 (/usr/share/texlive/texmf-dist/tex/latex/beamer/beamerbaseauxtemplates.sty (/usr/share/texlive/texmf-dist/tex/latex/beamer/beamerbaseboxes.sty
\bmb@box=\box66
\bmb@colorbox=\box67
\bmb@boxshadow=\box68
\bmb@boxshadowball=\box69
\bmb@boxshadowballlarge=\box70
\bmb@temp=\dimen260
\bmb@dima=\dimen261
\bmb@dimb=\dimen262
\bmb@prevheight=\dimen263
)
\beamer@blockheadheight=\dimen264
)) (/usr/share/texlive/texmf-dist/tex/latex/beamer/beamerbaselocalstructure.sty (/usr/share/texlive/texmf-dist/tex/latex/tools/enumerate.sty
Package: enumerate 2015/07/23 v3.00 enumerate extensions (DPC)
\@enLab=\toks31
)
\c@figure=\count296
\c@table=\count297
\abovecaptionskip=\skip55
\belowcaptionskip=\skip56
) (/usr/share/texlive/texmf-dist/tex/latex/beamer/beamerbasenavigation.sty
\beamer@section@min@dim=\dimen265
) (/usr/share/texlive/texmf-dist/tex/latex/beamer/beamerbasetheorems.sty (/usr/share/texlive/texmf-dist/tex/latex/amsmath/amsmath.sty
Package: amsmath 2020/01/20 v2.17e AMS math features
\@mathmargin=\skip57

For additional information on amsmath, use the `?' option.
(/usr/share/texlive/texmf-dist/tex/latex/amsmath/amstext.sty
Package: amstext 2000/06/29 v2.01 AMS text
 (/usr/share/texlive/texmf-dist/tex/latex/amsmath/amsgen.sty
File: amsgen.sty 1999/11/30 v2.0 generic functions
\@emptytoks=\toks32
\ex@=\dimen266
)) (/usr/share/texlive/texmf-dist/tex/latex/amsmath/amsbsy.sty
Package: amsbsy 1999/11/29 v1.2d Bold Symbols
\pmbraise@=\dimen267
) (/usr/share/texlive/texmf-dist/tex/latex/amsmath/amsopn.sty
Package: amsopn 2016/03/08 v2.02 operator names
)
\inf@bad=\count298
LaTeX Info: Redefining \frac on input line 227.
\uproot@=\count299
\leftroot@=\count300
LaTeX Info: Redefining \overline on input line 389.
\classnum@=\count301
\DOTSCASE@=\count302
LaTeX Info: Redefining \ldots on input line 486.
LaTeX Info: Redefining \dots on input line 489.
LaTeX Info: Redefining \cdots on input line 610.
\Mathstrutbox@=\box71
\strutbox@=\box72
\big@size=\dimen268
LaTeX Font Info:    Redeclaring font encoding OML on input line 733.
LaTeX Font Info:    Redeclaring font encoding OMS on input line 734.
\macc@depth=\count303
\c@MaxMatrixCols=\count304
\dotsspace@=\muskip17
\c@parentequation=\count305
\dspbrk@lvl=\count306
\tag@help=\toks33
\row@=\count307
\column@=\count308
\maxfields@=\count309
\andhelp@=\toks34
\eqnshift@=\dimen269
\alignsep@=\dimen270
\tagshift@=\dimen271
\tagwidth@=\dimen272
\totwidth@=\dimen273
\lineht@=\dimen274
\@envbody=\toks35
\multlinegap=\skip58
\multlinetaggap=\skip59
\mathdisplay@stack=\toks36
LaTeX Info: Redefining \[ on input line 2859.
LaTeX Info: Redefining \] on input line 2860.
) (/usr/share/texlive/texmf-dist/tex/latex/amscls/amsthm.sty
Package: amsthm 2017/10/31 v2.20.4
\thm@style=\toks37
\thm@bodyfont=\toks38
\thm@headfont=\toks39
\thm@notefont=\toks40
\thm@headpunct=\toks41
\thm@preskip=\skip60
\thm@postskip=\skip61
\thm@headsep=\skip62
\dth@everypar=\toks42
)
\c@theorem=\count310
) (/usr/share/texlive/texmf-dist/tex/latex/beamer/beamerbasethemes.sty)) (/usr/share/texlive/texmf-dist/tex/latex/beamer/beamerthemedefault.sty (/usr/share/texlive/texmf-dist/tex/latex/beamer/beamerfontthemedefault.sty) (/usr/share/texlive/texmf-dist/tex/latex/beamer/beamercolorthemedefault.sty) (/usr/share/texlive/texmf-dist/tex/latex/beamer/beamerinnerthemedefault.sty
\beamer@dima=\dimen275
\beamer@dimb=\dimen276
) (/usr/share/texlive/texmf-dist/tex/latex/beamer/beamerouterthemedefault.sty))) (/usr/share/texlive/texmf-dist/tex/latex/ragged2e/ragged2e.sty
Package: ragged2e 2019/07/28 v2.2 ragged2e Package (MS)
 (/usr/share/texlive/texmf-dist/tex/latex/ms/everysel.sty
Package: everysel 2011/10/28 v1.2 EverySelectfont Package (MS)
)
\CenteringLeftskip=\skip63
\RaggedLeftLeftskip=\skip64
\RaggedRightLeftskip=\skip65
\CenteringRightskip=\skip66
\RaggedLeftRightskip=\skip67
\RaggedRightRightskip=\skip68
\CenteringParfillskip=\skip69
\RaggedLeftParfillskip=\skip70
\RaggedRightParfillskip=\skip71
\JustifyingParfillskip=\skip72
\CenteringParindent=\skip73
\RaggedLeftParindent=\skip74
\RaggedRightParindent=\skip75
\JustifyingParindent=\skip76
) (/usr/share/texlive/texmf-dist/tex/generic/babel/babel.sty
Package: babel 2020/02/14 3.40 The Babel package
 (/usr/share/texlive/texmf-dist/tex/generic/babel/switch.def
File: switch.def 2020/02/14 3.40 Babel switching mechanism
) (/usr/share/texlive/texmf-dist/tex/generic/babel-english/british.ldf
Language: british 2017/06/06 v3.3r English support from the babel system
 (/usr/share/texlive/texmf-dist/tex/generic/babel-english/english.ldf
Language: english 2017/06/06 v3.3r English support from the babel system
 (/usr/share/texlive/texmf-dist/tex/generic/babel/babel.def
File: babel.def 2020/02/14 3.40 Babel common definitions
\babel@savecnt=\count311
\U@D=\dimen277
 (/usr/share/texlive/texmf-dist/tex/generic/babel/txtbabel.def)
\bbl@readstream=\read3
LaTeX Info: Redefining \textlatin on input line 2319.
\bbl@dirlevel=\count312
)
Package babel Info: \l@canadian = using hyphenrules for english
(babel)             (\language0) on input line 102.
Package babel Info: \l@australian = using hyphenrules for ukenglish
(babel)             (\language26) on input line 105.
Package babel Info: \l@newzealand = using hyphenrules for ukenglish
(babel)             (\language26) on input line 108.
)) (/usr/share/texlive/texmf-dist/tex/generic/babel-english/english.ldf
Language: english 2017/06/06 v3.3r English support from the babel system
))

Package Babel Warning: The package option `english' should not be used
(Babel)                with a more specific one (like `british') on input line 15.

(/usr/share/texlive/texmf-dist/tex/latex/base/inputenc.sty
Package: inputenc 2018/08/11 v1.3c Input encoding file
\inpenc@prehook=\toks43
\inpenc@posthook=\toks44
) (/usr/share/texlive/texmf-dist/tex/latex/forarray/forarray.sty
Package: forarray 2008/06/20 Version 1.01 -- Using array structures in LaTeX
\fe@toks=\toks45
\fe@level=\count313
\fe@cnt@i=\count314
\fe@cnt@ii=\count315
\thislevelcount=\count316
\thislevelnr=\count317
) (/usr/share/texlive/texmf-dist/tex/latex/tools/calc.sty
Package: calc 2017/05/25 v4.3 Infix arithmetic (KKT,FJ)
\calc@Acount=\count318
\calc@Bcount=\count319
\calc@Adimen=\dimen278
\calc@Bdimen=\dimen279
\calc@Askip=\skip77
\calc@Bskip=\skip78
LaTeX Info: Redefining \setlength on input line 80.
LaTeX Info: Redefining \addtolength on input line 81.
\calc@Ccount=\count320
\calc@Cskip=\skip79
) (/usr/share/texlive/texmf-dist/tex/latex/pxfonts/pxfonts.sty
Package: pxfonts 2008/01/22 v1.1.1
LaTeX Font Info:    Redeclaring symbol font `operators' on input line 21.
LaTeX Font Info:    Overwriting symbol font `operators' in version `normal'
(Font)                  OT1/cmr/m/n --> OT1/pxr/m/n on input line 21.
LaTeX Font Info:    Overwriting symbol font `operators' in version `bold'
(Font)                  OT1/cmr/bx/n --> OT1/pxr/m/n on input line 21.
LaTeX Font Info:    Overwriting symbol font `operators' in version `bold'
(Font)                  OT1/pxr/m/n --> OT1/pxr/bx/n on input line 22.
\symitalic=\mathgroup6
LaTeX Font Info:    Overwriting symbol font `italic' in version `bold'
(Font)                  OT1/pxr/m/it --> OT1/pxr/bx/it on input line 26.
LaTeX Font Info:    Redeclaring math alphabet \mathbf on input line 29.
LaTeX Font Info:    Overwriting math alphabet `\mathbf' in version `normal'
(Font)                  OT1/cmr/bx/n --> OT1/pxr/bx/n on input line 29.
LaTeX Font Info:    Overwriting math alphabet `\mathbf' in version `bold'
(Font)                  OT1/cmr/bx/n --> OT1/pxr/bx/n on input line 29.
LaTeX Font Info:    Redeclaring math alphabet \mathit on input line 30.
LaTeX Font Info:    Overwriting math alphabet `\mathit' in version `normal'
(Font)                  OT1/cmr/m/it --> OT1/pxr/m/it on input line 30.
LaTeX Font Info:    Overwriting math alphabet `\mathit' in version `bold'
(Font)                  OT1/cmr/bx/it --> OT1/pxr/m/it on input line 30.
LaTeX Font Info:    Overwriting math alphabet `\mathit' in version `bold'
(Font)                  OT1/pxr/m/it --> OT1/pxr/bx/it on input line 31.
LaTeX Font Info:    Redeclaring math alphabet \mathsf on input line 40.
LaTeX Font Info:    Overwriting math alphabet `\mathsf' in version `normal'
(Font)                  OT1/cmss/m/n --> OT1/pxss/m/n on input line 40.
LaTeX Font Info:    Overwriting math alphabet `\mathsf' in version `bold'
(Font)                  OT1/cmss/bx/n --> OT1/pxss/m/n on input line 40.
LaTeX Font Info:    Overwriting math alphabet `\mathsf' in version `bold'
(Font)                  OT1/pxss/m/n --> OT1/pxss/b/n on input line 41.
LaTeX Font Info:    Redeclaring math alphabet \mathtt on input line 50.
LaTeX Font Info:    Overwriting math alphabet `\mathtt' in version `normal'
(Font)                  OT1/cmtt/m/n --> OT1/pxtt/m/n on input line 50.
LaTeX Font Info:    Overwriting math alphabet `\mathtt' in version `bold'
(Font)                  OT1/cmtt/m/n --> OT1/pxtt/m/n on input line 50.
LaTeX Font Info:    Overwriting math alphabet `\mathtt' in version `bold'
(Font)                  OT1/pxtt/m/n --> OT1/pxtt/b/n on input line 51.
LaTeX Font Info:    Redeclaring symbol font `letters' on input line 58.
LaTeX Font Info:    Overwriting symbol font `letters' in version `normal'
(Font)                  OML/cmm/m/it --> OML/pxmi/m/it on input line 58.
LaTeX Font Info:    Overwriting symbol font `letters' in version `bold'
(Font)                  OML/cmm/b/it --> OML/pxmi/m/it on input line 58.
LaTeX Font Info:    Overwriting symbol font `letters' in version `bold'
(Font)                  OML/pxmi/m/it --> OML/pxmi/bx/it on input line 59.
\symlettersA=\mathgroup7
LaTeX Font Info:    Overwriting symbol font `lettersA' in version `bold'
(Font)                  U/pxmia/m/it --> U/pxmia/bx/it on input line 67.
LaTeX Font Info:    Redeclaring math alphabet \mathfrak on input line 70.
LaTeX Font Info:    Redeclaring symbol font `symbols' on input line 77.
LaTeX Font Info:    Overwriting symbol font `symbols' in version `normal'
(Font)                  OMS/cmsy/m/n --> OMS/pxsy/m/n on input line 77.
LaTeX Font Info:    Overwriting symbol font `symbols' in version `bold'
(Font)                  OMS/cmsy/b/n --> OMS/pxsy/m/n on input line 77.
LaTeX Font Info:    Overwriting symbol font `symbols' in version `bold'
(Font)                  OMS/pxsy/m/n --> OMS/pxsy/bx/n on input line 78.
LaTeX Font Info:    Redeclaring symbol font `AMSa' on input line 93.
LaTeX Font Info:    Overwriting symbol font `AMSa' in version `normal'
(Font)                  U/msa/m/n --> U/pxsya/m/n on input line 93.
LaTeX Font Info:    Overwriting symbol font `AMSa' in version `bold'
(Font)                  U/msa/m/n --> U/pxsya/m/n on input line 93.
LaTeX Font Info:    Overwriting symbol font `AMSa' in version `bold'
(Font)                  U/pxsya/m/n --> U/pxsya/bx/n on input line 94.
LaTeX Font Info:    Redeclaring symbol font `AMSb' on input line 102.
LaTeX Font Info:    Overwriting symbol font `AMSb' in version `normal'
(Font)                  U/msb/m/n --> U/pxsyb/m/n on input line 102.
LaTeX Font Info:    Overwriting symbol font `AMSb' in version `bold'
(Font)                  U/msb/m/n --> U/pxsyb/m/n on input line 102.
LaTeX Font Info:    Overwriting symbol font `AMSb' in version `bold'
(Font)                  U/pxsyb/m/n --> U/pxsyb/bx/n on input line 103.
\symsymbolsC=\mathgroup8
LaTeX Font Info:    Overwriting symbol font `symbolsC' in version `bold'
(Font)                  U/pxsyc/m/n --> U/pxsyc/bx/n on input line 113.
LaTeX Font Info:    Redeclaring symbol font `largesymbols' on input line 120.
LaTeX Font Info:    Overwriting symbol font `largesymbols' in version `normal'
(Font)                  OMX/cmex/m/n --> OMX/pxex/m/n on input line 120.
LaTeX Font Info:    Overwriting symbol font `largesymbols' in version `bold'
(Font)                  OMX/cmex/m/n --> OMX/pxex/m/n on input line 120.
LaTeX Font Info:    Overwriting symbol font `largesymbols' in version `bold'
(Font)                  OMX/pxex/m/n --> OMX/pxex/bx/n on input line 121.
\symlargesymbolsA=\mathgroup9
LaTeX Font Info:    Overwriting symbol font `largesymbolsA' in version `bold'
(Font)                  U/pxexa/m/n --> U/pxexa/bx/n on input line 129.
LaTeX Font Info:    Redeclaring math symbol \mathsterling on input line 164.
LaTeX Info: Redefining \not on input line 997.
LaTeX Info: Redefining \textsquare on input line 1017.
LaTeX Info: Redefining \openbox on input line 1018.
) (/usr/share/texlive/texmf-dist/tex/latex/psnfss/pifont.sty
Package: pifont 2005/04/12 PSNFSS-v9.2a Pi font support (SPQR) 
LaTeX Font Info:    Trying to load font information for U+pzd on input line 63.
 (/usr/share/texlive/texmf-dist/tex/latex/psnfss/upzd.fd
File: upzd.fd 2001/06/04 font definitions for U/pzd.
)
LaTeX Font Info:    Trying to load font information for U+psy on input line 64.
 (/usr/share/texlive/texmf-dist/tex/latex/psnfss/upsy.fd
File: upsy.fd 2001/06/04 font definitions for U/psy.
)) (/usr/share/texlive/texmf-dist/tex/latex/jknapltx/mathrsfs.sty
Package: mathrsfs 1996/01/01 Math RSFS package v1.0 (jk)
\symrsfs=\mathgroup10
) (/usr/share/texlive/texmf-dist/tex/latex/commath/commath.sty (/usr/share/texlive/texmf-dist/tex/latex/base/ifthen.sty
Package: ifthen 2014/09/29 v1.1c Standard LaTeX ifthen package (DPC)
)) (/usr/share/texlive/texmf-dist/tex/latex/mathtools/mathtools.sty
Package: mathtools 2020/01/17 v1.23 mathematical typesetting tools
 (/usr/share/texlive/texmf-dist/tex/latex/mathtools/mhsetup.sty
Package: mhsetup 2017/03/31 v1.3 programming setup (MH)
)
LaTeX Info: Thecontrolsequence`\('isalreadyrobust on input line 129.
LaTeX Info: Thecontrolsequence`\)'isalreadyrobust on input line 129.
LaTeX Info: Thecontrolsequence`\['isalreadyrobust on input line 129.
LaTeX Info: Thecontrolsequence`\]'isalreadyrobust on input line 129.
\g_MT_multlinerow_int=\count321
\l_MT_multwidth_dim=\dimen280
\origjot=\skip80
\l_MT_shortvdotswithinadjustabove_dim=\dimen281
\l_MT_shortvdotswithinadjustbelow_dim=\dimen282
\l_MT_above_intertext_sep=\dimen283
\l_MT_below_intertext_sep=\dimen284
\l_MT_above_shortintertext_sep=\dimen285
\l_MT_below_shortintertext_sep=\dimen286
) (/usr/share/texlive/texmf-dist/tex/latex/moresize/moresize.sty
Package: moresize 1999/07/26 v1.9 (more font sizes)
) (/usr/share/texlive/texmf-dist/tex/latex/booktabs/booktabs.sty
Package: booktabs 2020/01/12 v1.61803398 Publication quality tables
\heavyrulewidth=\dimen287
\lightrulewidth=\dimen288
\cmidrulewidth=\dimen289
\belowrulesep=\dimen290
\belowbottomsep=\dimen291
\aboverulesep=\dimen292
\abovetopsep=\dimen293
\cmidrulesep=\dimen294
\cmidrulekern=\dimen295
\defaultaddspace=\dimen296
\@cmidla=\count322
\@cmidlb=\count323
\@aboverulesep=\dimen297
\@belowrulesep=\dimen298
\@thisruleclass=\count324
\@lastruleclass=\count325
\@thisrulewidth=\dimen299
) (/usr/share/texlive/texmf-dist/tex/latex/multirow/multirow.sty
Package: multirow 2019/05/31 v2.5 Span multiple rows of a table
\multirow@colwidth=\skip81
\multirow@cntb=\count326
\multirow@dima=\skip82
\bigstrutjot=\dimen300
) (/usr/share/texlive/texmf-dist/tex/latex/colortbl/colortbl.sty
Package: colortbl 2020/01/04 v1.0e Color table columns (DPC)
 (/usr/share/texlive/texmf-dist/tex/latex/tools/array.sty
Package: array 2019/08/31 v2.4l Tabular extension package (FMi)
\col@sep=\dimen301
\ar@mcellbox=\box73
\extrarowheight=\dimen302
\NC@list=\toks46
\extratabsurround=\skip83
\backup@length=\skip84
\ar@cellbox=\box74
)
\everycr=\toks47
\minrowclearance=\skip85
) (/usr/share/texlive/texmf-dist/tex/latex/subfigure/subfigure.sty
Package: subfigure 2002/03/15 v2.1.5 subfigure package
\subfigtopskip=\skip86
\subfigcapskip=\skip87
\subfigcaptopadj=\dimen303
\subfigbottomskip=\skip88
\subfigcapmargin=\dimen304
\subfiglabelskip=\skip89
\c@subfigure=\count327
\c@lofdepth=\count328
\c@subtable=\count329
\c@lotdepth=\count330

****************************************
* Local config file subfigure.cfg used *
****************************************
(/usr/share/texlive/texmf-dist/tex/latex/subfigure/subfigure.cfg)
\subfig@top=\skip90
\subfig@bottom=\skip91
) (/usr/share/texlive/texmf-dist/tex/latex/pgf/frontendlayer/tikz.sty (/usr/share/texlive/texmf-dist/tex/latex/pgf/basiclayer/pgf.sty
Package: pgf 2020/01/08 v3.1.5b (3.1.5b)
 (/usr/share/texlive/texmf-dist/tex/generic/pgf/modules/pgfmoduleshapes.code.tex
File: pgfmoduleshapes.code.tex 2020/01/08 v3.1.5b (3.1.5b)
\pgfnodeparttextbox=\box75
) (/usr/share/texlive/texmf-dist/tex/generic/pgf/modules/pgfmoduleplot.code.tex
File: pgfmoduleplot.code.tex 2020/01/08 v3.1.5b (3.1.5b)
) (/usr/share/texlive/texmf-dist/tex/latex/pgf/compatibility/pgfcomp-version-0-65.sty
Package: pgfcomp-version-0-65 2020/01/08 v3.1.5b (3.1.5b)
\pgf@nodesepstart=\dimen305
\pgf@nodesepend=\dimen306
) (/usr/share/texlive/texmf-dist/tex/latex/pgf/compatibility/pgfcomp-version-1-18.sty
Package: pgfcomp-version-1-18 2020/01/08 v3.1.5b (3.1.5b)
)) (/usr/share/texlive/texmf-dist/tex/latex/pgf/utilities/pgffor.sty (/usr/share/texlive/texmf-dist/tex/latex/pgf/utilities/pgfkeys.sty (/usr/share/texlive/texmf-dist/tex/generic/pgf/utilities/pgfkeys.code.tex)) (/usr/share/texlive/texmf-dist/tex/latex/pgf/math/pgfmath.sty (/usr/share/texlive/texmf-dist/tex/generic/pgf/math/pgfmath.code.tex)) (/usr/share/texlive/texmf-dist/tex/generic/pgf/utilities/pgffor.code.tex
Package: pgffor 2020/01/08 v3.1.5b (3.1.5b)
 (/usr/share/texlive/texmf-dist/tex/generic/pgf/math/pgfmath.code.tex)
\pgffor@iter=\dimen307
\pgffor@skip=\dimen308
\pgffor@stack=\toks48
\pgffor@toks=\toks49
)) (/usr/share/texlive/texmf-dist/tex/generic/pgf/frontendlayer/tikz/tikz.code.tex
Package: tikz 2020/01/08 v3.1.5b (3.1.5b)
 (/usr/share/texlive/texmf-dist/tex/generic/pgf/libraries/pgflibraryplothandlers.code.tex
File: pgflibraryplothandlers.code.tex 2020/01/08 v3.1.5b (3.1.5b)
\pgf@plot@mark@count=\count331
\pgfplotmarksize=\dimen309
)
\tikz@lastx=\dimen310
\tikz@lasty=\dimen311
\tikz@lastxsaved=\dimen312
\tikz@lastysaved=\dimen313
\tikz@lastmovetox=\dimen314
\tikz@lastmovetoy=\dimen315
\tikzleveldistance=\dimen316
\tikzsiblingdistance=\dimen317
\tikz@figbox=\box76
\tikz@figbox@bg=\box77
\tikz@tempbox=\box78
\tikz@tempbox@bg=\box79
\tikztreelevel=\count332
\tikznumberofchildren=\count333
\tikznumberofcurrentchild=\count334
\tikz@fig@count=\count335
 (/usr/share/texlive/texmf-dist/tex/generic/pgf/modules/pgfmodulematrix.code.tex
File: pgfmodulematrix.code.tex 2020/01/08 v3.1.5b (3.1.5b)
\pgfmatrixcurrentrow=\count336
\pgfmatrixcurrentcolumn=\count337
\pgf@matrix@numberofcolumns=\count338
)
\tikz@expandcount=\count339
 (/usr/share/texlive/texmf-dist/tex/generic/pgf/frontendlayer/tikz/libraries/tikzlibrarytopaths.code.tex
File: tikzlibrarytopaths.code.tex 2020/01/08 v3.1.5b (3.1.5b)
))) (/usr/share/texlive/texmf-dist/tex/latex/svg/svg.sty
Package: svg 2020/01/13 v2.02e (include SVG pictures)
 (/usr/share/texlive/texmf-dist/tex/latex/koma-script/scrbase.sty
Package: scrbase 2020/01/24 v3.29 KOMA-Script package (KOMA-Script-independent basics and keyval usage)
) (/usr/share/texlive/texmf-dist/tex/latex/tools/shellesc.sty
Package: shellesc 2019/11/08 v1.0c unified shell escape interface for LaTeX
Package shellesc Info: Restricted shell escape enabled on input line 77.
) (/usr/share/texlive/texmf-dist/tex/latex/trimspaces/trimspaces.sty
Package: trimspaces 2009/09/17 v1.1 Trim spaces around a token list
)
\svg@box=\box80
\c@svg@param@lastpage=\count340
\c@svg@param@currpage=\count341
) (/usr/share/texlive/texmf-dist/tex/latex/transparent/transparent.sty
Package: transparent 2019/11/29 v1.4 Transparency via pdfTeX's color stack (HO)
) (/usr/share/texlive/texmf-dist/tex/latex/textpos/textpos.sty
Package: textpos 2019/04/15 v1.9.1

Package: textpos 2019/04/15 1.9.1, absolute positioning of text on the page
\TP@textbox=\box81
\TP@holdbox=\box82
\TPHorizModule=\dimen318
\TPVertModule=\dimen319
\TP@margin=\dimen320
\TP@absmargin=\dimen321
Grid set 16 x 16 = 22.7622pt x 17.07166pt
\TPboxrulesize=\dimen322
\TP@ox=\dimen323
\TP@oy=\dimen324
\TP@tbargs=\toks50
\TP@prevdepth=\dimen325
TextBlockOrigin set to 0pt x 0pt
) (/usr/share/texlive/texmf-dist/tex/latex/microtype/microtype.sty
Package: microtype 2019/11/18 v2.7d Micro-typographical refinements (RS)
\MT@toks=\toks51
\MT@count=\count342
LaTeX Info: Redefining \textls on input line 790.
\MT@outer@kern=\dimen326
LaTeX Info: Redefining \textmicrotypecontext on input line 1354.
\MT@listname@count=\count343
 (/usr/share/texlive/texmf-dist/tex/latex/microtype/microtype-pdftex.def
File: microtype-pdftex.def 2019/11/18 v2.7d Definitions specific to pdftex (RS)
LaTeX Info: Redefining \lsstyle on input line 914.
LaTeX Info: Redefining \lslig on input line 914.
\MT@outer@space=\skip92
)
Package microtype Info: Loading configuration file microtype.cfg.
 (/usr/share/texlive/texmf-dist/tex/latex/microtype/microtype.cfg
File: microtype.cfg 2019/11/18 v2.7d microtype main configuration file (RS)
)) (/usr/share/texlive/texmf-dist/tex/latex/listings/listings.sty
\lst@mode=\count344
\lst@gtempboxa=\box83
\lst@token=\toks52
\lst@length=\count345
\lst@currlwidth=\dimen327
\lst@column=\count346
\lst@pos=\count347
\lst@lostspace=\dimen328
\lst@width=\dimen329
\lst@newlines=\count348
\lst@lineno=\count349
\lst@maxwidth=\dimen330
 (/usr/share/texlive/texmf-dist/tex/latex/listings/lstmisc.sty
File: lstmisc.sty 2019/09/10 1.8c (Carsten Heinz)
\c@lstnumber=\count350
\lst@skipnumbers=\count351
\lst@framebox=\box84
) (/usr/share/texlive/texmf-dist/tex/latex/listings/listings.cfg
File: listings.cfg 2019/09/10 1.8c listings configuration
))
Package: listings 2019/09/10 1.8c (Carsten Heinz)
Package hyperref Info: Option `hypertexnames' set `true' on input line 93.
Package hyperref Info: Option `unicode' set `false' on input line 93.
Package hyperref Info: Option `colorlinks' set `false' on input line 93.


Package hyperref Warning: Option `bookmarks' has already been used,
(hyperref)                setting the option has no effect on input line 93.

Package hyperref Info: Option `breaklinks' set `true' on input line 93.
(/home/federico/Documents/journalClubDirtrel/beamer_template_theme_ric_uni_bremen.sty (/home/federico/Documents/journalClubDirtrel/beameroutertheme_ric_uni_bremen.sty (/usr/share/texlive/texmf-dist/tex/latex/beamer/beamerouterthemesplit.sty)) (/home/federico/Documents/journalClubDirtrel/beamerinnertheme_ric_uni_bremen.sty
\beamer@dima=\dimen331
\beamer@dimb=\dimen332
) (/home/federico/Documents/journalClubDirtrel/beamercolortheme_ric_uni_bremen.sty)) (/usr/share/texlive/texmf-dist/tex/latex/appendixnumberbeamer/appendixnumberbeamer.sty) (/usr/share/texlive/texmf-dist/tex/latex/base/textcomp.sty
Package: textcomp 2020/02/02 v2.0n Standard LaTeX package
) (/usr/share/texlive/texmf-dist/tex/latex/biblatex/biblatex.sty
Package: biblatex 2019/12/01 v3.14 programmable bibliographies (PK/MW)
 (/usr/share/texlive/texmf-dist/tex/latex/logreq/logreq.sty
Package: logreq 2010/08/04 v1.0 xml request logger
\lrq@indent=\count352
 (/usr/share/texlive/texmf-dist/tex/latex/logreq/logreq.def
File: logreq.def 2010/08/04 v1.0 logreq spec v1.0
))
\c@tabx@nest=\count353
\c@listtotal=\count354
\c@listcount=\count355
\c@liststart=\count356
\c@liststop=\count357
\c@citecount=\count358
\c@citetotal=\count359
\c@multicitecount=\count360
\c@multicitetotal=\count361
\c@instcount=\count362
\c@maxnames=\count363
\c@minnames=\count364
\c@maxitems=\count365
\c@minitems=\count366
\c@citecounter=\count367
\c@maxcitecounter=\count368
\c@savedcitecounter=\count369
\c@uniquelist=\count370
\c@uniquename=\count371
\c@refsection=\count372
\c@refsegment=\count373
\c@maxextratitle=\count374
\c@maxextratitleyear=\count375
\c@maxextraname=\count376
\c@maxextradate=\count377
\c@maxextraalpha=\count378
\c@abbrvpenalty=\count379
\c@highnamepenalty=\count380
\c@lownamepenalty=\count381
\c@maxparens=\count382
\c@parenlevel=\count383
\blx@tempcnta=\count384
\blx@tempcntb=\count385
\blx@tempcntc=\count386
\blx@maxsection=\count387
\blx@maxsegment@0=\count388
\blx@notetype=\count389
\blx@parenlevel@text=\count390
\blx@parenlevel@foot=\count391
\blx@sectionciteorder@0=\count392
\blx@entrysetcounter=\count393
\labelnumberwidth=\skip93
\labelalphawidth=\skip94
\biblabelsep=\skip95
\bibitemsep=\skip96
\bibnamesep=\skip97
\bibinitsep=\skip98
\bibparsep=\skip99
\bibhang=\skip100
\blx@bcfin=\read4
\blx@bcfout=\write5
\blx@langwohyphens=\language85
\c@mincomprange=\count394
\c@maxcomprange=\count395
\c@mincompwidth=\count396
Package biblatex Info: Trying to load biblatex default data model...
Package biblatex Info: ... file 'blx-dm.def' found.
 (/usr/share/texlive/texmf-dist/tex/latex/biblatex/blx-dm.def
File: blx-dm.def 2019/12/01 v3.14 biblatex localization (PK/MW)
)
Package biblatex Info: Trying to load biblatex style data model...
Package biblatex Info: ... file 'alphabetic.dbx' not found.
Package biblatex Info: Trying to load biblatex custom data model...
Package biblatex Info: ... file 'biblatex-dm.cfg' not found.
\c@afterword=\count397
\c@savedafterword=\count398
\c@annotator=\count399
\c@savedannotator=\count400
\c@author=\count401
\c@savedauthor=\count402
\c@bookauthor=\count403
\c@savedbookauthor=\count404
\c@commentator=\count405
\c@savedcommentator=\count406
\c@editor=\count407
\c@savededitor=\count408
\c@editora=\count409
\c@savededitora=\count410
\c@editorb=\count411
\c@savededitorb=\count412
\c@editorc=\count413
\c@savededitorc=\count414
\c@foreword=\count415
\c@savedforeword=\count416
\c@holder=\count417
\c@savedholder=\count418
\c@introduction=\count419
\c@savedintroduction=\count420
\c@namea=\count421
\c@savednamea=\count422
\c@nameb=\count423
\c@savednameb=\count424
\c@namec=\count425
\c@savednamec=\count426
\c@translator=\count427
\c@savedtranslator=\count428
\c@shortauthor=\count429
\c@savedshortauthor=\count430
\c@shorteditor=\count431
\c@savedshorteditor=\count432
\c@labelname=\count433
\c@savedlabelname=\count434
\c@institution=\count435
\c@savedinstitution=\count436
\c@lista=\count437
\c@savedlista=\count438
\c@listb=\count439
\c@savedlistb=\count440
\c@listc=\count441
\c@savedlistc=\count442
\c@listd=\count443
\c@savedlistd=\count444
\c@liste=\count445
\c@savedliste=\count446
\c@listf=\count447
\c@savedlistf=\count448
\c@location=\count449
\c@savedlocation=\count450
\c@organization=\count451
\c@savedorganization=\count452
\c@origlocation=\count453
\c@savedoriglocation=\count454
\c@origpublisher=\count455
\c@savedorigpublisher=\count456
\c@publisher=\count457
\c@savedpublisher=\count458
\c@language=\count459
\c@savedlanguage=\count460
\c@origlanguage=\count461
\c@savedoriglanguage=\count462
\c@pageref=\count463
\c@savedpageref=\count464
\shorthandwidth=\skip101
\shortjournalwidth=\skip102
\shortserieswidth=\skip103
\shorttitlewidth=\skip104
\shortauthorwidth=\skip105
\shorteditorwidth=\skip106
\locallabelnumberwidth=\skip107
\locallabelalphawidth=\skip108
\localshorthandwidth=\skip109
\localshortjournalwidth=\skip110
\localshortserieswidth=\skip111
\localshorttitlewidth=\skip112
\localshortauthorwidth=\skip113
\localshorteditorwidth=\skip114
Package biblatex Info: Trying to load compatibility code...
Package biblatex Info: ... file 'blx-compat.def' found.
 (/usr/share/texlive/texmf-dist/tex/latex/biblatex/blx-compat.def
File: blx-compat.def 2019/12/01 v3.14 biblatex compatibility (PK/MW)
)
Package biblatex Info: Trying to load generic definitions...
Package biblatex Info: ... file 'biblatex.def' found.
 (/usr/share/texlive/texmf-dist/tex/latex/biblatex/biblatex.def
File: biblatex.def 2019/12/01 v3.14 biblatex compatibility (PK/MW)
\c@textcitecount=\count465
\c@textcitetotal=\count466
\c@textcitemaxnames=\count467
\c@biburlbigbreakpenalty=\count468
\c@biburlbreakpenalty=\count469
\c@biburlnumpenalty=\count470
\c@biburlucpenalty=\count471
\c@biburllcpenalty=\count472
\biburlbigskip=\muskip18
\biburlnumskip=\muskip19
\biburlucskip=\muskip20
\biburllcskip=\muskip21
\c@smartand=\count473
)
Package biblatex Info: Trying to load bibliography style 'alphabetic'...
Package biblatex Info: ... file 'alphabetic.bbx' found.
 (/usr/share/texlive/texmf-dist/tex/latex/biblatex/bbx/alphabetic.bbx
File: alphabetic.bbx 2019/12/01 v3.14 biblatex bibliography style (PK/MW)
Package biblatex Info: Trying to load bibliography style 'standard'...
Package biblatex Info: ... file 'standard.bbx' found.
 (/usr/share/texlive/texmf-dist/tex/latex/biblatex/bbx/standard.bbx
File: standard.bbx 2019/12/01 v3.14 biblatex bibliography style (PK/MW)
\c@bbx:relatedcount=\count474
\c@bbx:relatedtotal=\count475
))
Package biblatex Info: Trying to load citation style 'authoryear'...
Package biblatex Info: ... file 'authoryear.cbx' found.
 (/usr/share/texlive/texmf-dist/tex/latex/biblatex/cbx/authoryear.cbx
File: authoryear.cbx 2019/12/01 v3.14 biblatex citation style (PK/MW)
Package biblatex Info: Redefining '\cite'.
Package biblatex Info: Redefining '\parencite'.
Package biblatex Info: Redefining '\footcite'.
Package biblatex Info: Redefining '\footcitetext'.
Package biblatex Info: Redefining '\smartcite'.
Package biblatex Info: Redefining '\textcite'.
Package biblatex Info: Redefining '\textcites'.
)
Package biblatex Info: Trying to load configuration file...
Package biblatex Info: ... file 'biblatex.cfg' found.
 (/usr/share/texlive/texmf-dist/tex/latex/biblatex/biblatex.cfg
File: biblatex.cfg 
)) (/home/federico/Documents/journalClubDirtrel/defines/text_macros.tex) (/home/federico/Documents/journalClubDirtrel/defines/slide_macros.tex) (/home/federico/Documents/journalClubDirtrel/defines/math_macros.tex) (/home/federico/Documents/journalClubDirtrel/defines/slide_macros_four_figures.tex) (/usr/share/texlive/texmf-dist/tex/latex/fancyvrb/fancyvrb.sty
Package: fancyvrb 2020/01/13 v3.5 verbatim text (tvz,hv)
\FV@CodeLineNo=\count476
\FV@InFile=\read5
\FV@TabBox=\box85
\c@FancyVerbLine=\count477
\FV@StepNumber=\count478
\FV@OutFile=\write6
) (/usr/share/texlive/texmf-dist/tex/latex/relsize/relsize.sty
Package: relsize 2013/03/29 ver 4.1
) (/usr/share/texlive/texmf-dist/tex/latex/fancybox/fancybox.sty
Package: fancybox 2010/05/15 1.4

Style option: `fancybox' v1.4 <2010/05/15> (tvz)
\@fancybox=\box86
\shadowsize=\dimen333
\@Sbox=\box87
\do@VerbBox=\toks53
\the@fancyput=\toks54
\this@fancyput=\toks55
\EndVerbatimTokens=\toks56
\Verbatim@Outfile=\write7
\Verbatim@Infile=\read6
) (/usr/share/texmf/tex/latex/lm/lmodern.sty
Package: lmodern 2009/10/30 v1.6 Latin Modern Fonts
LaTeX Font Info:    Overwriting symbol font `operators' in version `normal'
(Font)                  OT1/pxr/m/n --> OT1/lmr/m/n on input line 22.
LaTeX Font Info:    Overwriting symbol font `letters' in version `normal'
(Font)                  OML/pxmi/m/it --> OML/lmm/m/it on input line 23.
LaTeX Font Info:    Overwriting symbol font `symbols' in version `normal'
(Font)                  OMS/pxsy/m/n --> OMS/lmsy/m/n on input line 24.
LaTeX Font Info:    Overwriting symbol font `largesymbols' in version `normal'
(Font)                  OMX/pxex/m/n --> OMX/lmex/m/n on input line 25.
LaTeX Font Info:    Overwriting symbol font `operators' in version `bold'
(Font)                  OT1/pxr/bx/n --> OT1/lmr/bx/n on input line 26.
LaTeX Font Info:    Overwriting symbol font `letters' in version `bold'
(Font)                  OML/pxmi/bx/it --> OML/lmm/b/it on input line 27.
LaTeX Font Info:    Overwriting symbol font `symbols' in version `bold'
(Font)                  OMS/pxsy/bx/n --> OMS/lmsy/b/n on input line 28.
LaTeX Font Info:    Overwriting symbol font `largesymbols' in version `bold'
(Font)                  OMX/pxex/bx/n --> OMX/lmex/m/n on input line 29.
LaTeX Font Info:    Overwriting math alphabet `\mathbf' in version `normal'
(Font)                  OT1/pxr/bx/n --> OT1/lmr/bx/n on input line 31.
LaTeX Font Info:    Overwriting math alphabet `\mathsf' in version `normal'
(Font)                  OT1/pxss/m/n --> OT1/lmss/m/n on input line 32.
LaTeX Font Info:    Overwriting math alphabet `\mathit' in version `normal'
(Font)                  OT1/pxr/m/it --> OT1/lmr/m/it on input line 33.
LaTeX Font Info:    Overwriting math alphabet `\mathtt' in version `normal'
(Font)                  OT1/pxtt/m/n --> OT1/lmtt/m/n on input line 34.
LaTeX Font Info:    Overwriting math alphabet `\mathbf' in version `bold'
(Font)                  OT1/pxr/bx/n --> OT1/lmr/bx/n on input line 35.
LaTeX Font Info:    Overwriting math alphabet `\mathsf' in version `bold'
(Font)                  OT1/pxss/b/n --> OT1/lmss/bx/n on input line 36.
LaTeX Font Info:    Overwriting math alphabet `\mathit' in version `bold'
(Font)                  OT1/pxr/bx/it --> OT1/lmr/bx/it on input line 37.
LaTeX Font Info:    Overwriting math alphabet `\mathtt' in version `bold'
(Font)                  OT1/pxtt/b/n --> OT1/lmtt/m/n on input line 38.
) (/home/federico/Documents/journalClubDirtrel/defines/mathematics/variables_and_constants.tex) (/home/federico/Documents/journalClubDirtrel/defines/mathematics/environments.tex) (/home/federico/Documents/journalClubDirtrel/defines/math_defines_document.tex)
\c@mathLableNode=\count479
 (/usr/share/texlive/texmf-dist/tex/latex/acronym/acronym.sty
Package: acronym 2019/11/11 v1.42 Support for acronyms (Tobias Oetiker)
 (/usr/share/texlive/texmf-dist/tex/latex/bigfoot/suffix.sty
Package: suffix 2006/07/15 1.5a Variant command support
) (/usr/share/texlive/texmf-dist/tex/generic/xstring/xstring.sty (/usr/share/texlive/texmf-dist/tex/generic/xstring/xstring.tex
\integerpart=\count480
\decimalpart=\count481
)
Package: xstring 2019/02/06 v1.83 String manipulations (CT)
)
\AC@clearlist=\toks57
) (/usr/share/texlive/texmf-dist/tex/latex/beamer/multimedia.sty
Package: multimedia 2012/05/02 ver 0.02
\mm@movie=\count482
) (/usr/share/texlive/texmf-dist/tex/generic/ulem/ulem.sty
\UL@box=\box88
\UL@hyphenbox=\box89
\UL@skip=\skip115
\UL@hook=\toks58
\UL@height=\dimen334
\UL@pe=\count483
\UL@pixel=\dimen335
\ULC@box=\box90
Package: ulem 2019/11/18
\ULdepth=\dimen336
) (/usr/share/texlive/texmf-dist/tex/latex/footmisc/footmisc.sty
Package: footmisc 2011/06/06 v5.5b a miscellany of footnote facilities
\FN@temptoken=\toks59
\footnotemargin=\dimen337
\c@pp@next@reset=\count484
Package footmisc Info: Declaring symbol style bringhurst on input line 855.
Package footmisc Info: Declaring symbol style chicago on input line 863.
Package footmisc Info: Declaring symbol style wiley on input line 872.
Package footmisc Info: Declaring symbol style lamport-robust on input line 883.
Package footmisc Info: Declaring symbol style lamport* on input line 903.
Package footmisc Info: Declaring symbol style lamport*-robust on input line 924.
) (/usr/share/texlive/texmf-dist/tex/latex/xpatch/xpatch.sty (/usr/share/texlive/texmf-dist/tex/latex/l3kernel/expl3.sty
Package: expl3 2020-02-14 L3 programming layer (loader) 
 (/usr/share/texlive/texmf-dist/tex/latex/l3backend/l3backend-pdfmode.def
File: l3backend-pdfmode.def 2020-02-03 L3 backend support: PDF mode
\l__kernel_color_stack_int=\count485
\l__pdf_internal_box=\box91
))
Package: xpatch 2012/10/02 v0.3 Extending etoolbox patching commands
 (/usr/share/texlive/texmf-dist/tex/latex/l3packages/xparse/xparse.sty
Package: xparse 2020-02-14 L3 Experimental document command parser
\l__xparse_current_arg_int=\count486
\g__xparse_grabber_int=\count487
\l__xparse_m_args_int=\count488
\l__xparse_v_nesting_int=\count489
))

Package biblatex Warning: 'babel/polyglossia' detected but 'csquotes' missing.
(biblatex)                Loading 'csquotes' recommended.

\@quotelevel=\count490
\@quotereset=\count491
(/home/federico/Documents/journalClubDirtrel/main.aux)
\openout1 = `main.aux'.

LaTeX Font Info:    Checking defaults for OML/pxmi/m/it on input line 447.
LaTeX Font Info:    Trying to load font information for OML+pxmi on input line 447.
 (/usr/share/texlive/texmf-dist/tex/latex/pxfonts/omlpxmi.fd
File: omlpxmi.fd 2000/12/14 v1.0
)
LaTeX Font Info:    ... okay on input line 447.
LaTeX Font Info:    Checking defaults for OMS/pxsy/m/n on input line 447.
LaTeX Font Info:    Trying to load font information for OMS+pxsy on input line 447.
 (/usr/share/texlive/texmf-dist/tex/latex/pxfonts/omspxsy.fd
File: omspxsy.fd 2000/12/14 v1.0
)
LaTeX Font Info:    ... okay on input line 447.
LaTeX Font Info:    Checking defaults for OT1/cmr/m/n on input line 447.
LaTeX Font Info:    ... okay on input line 447.
LaTeX Font Info:    Checking defaults for T1/cmr/m/n on input line 447.
LaTeX Font Info:    ... okay on input line 447.
LaTeX Font Info:    Checking defaults for TS1/cmr/m/n on input line 447.
LaTeX Font Info:    ... okay on input line 447.
LaTeX Font Info:    Checking defaults for OMX/pxex/m/n on input line 447.
LaTeX Font Info:    Trying to load font information for OMX+pxex on input line 447.
 (/usr/share/texlive/texmf-dist/tex/latex/pxfonts/omxpxex.fd
File: omxpxex.fd 2000/12/14 v1.0
)
LaTeX Font Info:    ... okay on input line 447.
LaTeX Font Info:    Checking defaults for U/pxexa/m/n on input line 447.
LaTeX Font Info:    Trying to load font information for U+pxexa on input line 447.
 (/usr/share/texlive/texmf-dist/tex/latex/pxfonts/upxexa.fd
File: upxexa.fd 2000/12/14 v1.0
)
LaTeX Font Info:    ... okay on input line 447.
LaTeX Font Info:    Checking defaults for PD1/pdf/m/n on input line 447.
LaTeX Font Info:    ... okay on input line 447.
LaTeX Font Info:    Trying to load font information for OT1+lmss on input line 447.
 (/usr/share/texmf/tex/latex/lm/ot1lmss.fd
File: ot1lmss.fd 2009/10/30 v1.6 Font defs for Latin Modern
)
*geometry* driver: auto-detecting
*geometry* detected driver: pdftex
*geometry* verbose mode - [ preamble ] result:
* driver: pdftex
* paper: custom
* layout: <same size as paper>
* layoutoffset:(h,v)=(0.0pt,0.0pt)
* modes: includehead includefoot 
* h-part:(L,W,R)=(9.38945pt, 345.41646pt, 9.38945pt)
* v-part:(T,H,B)=(0.0pt, 273.14662pt, 0.0pt)
* \paperwidth=364.19536pt
* \paperheight=273.14662pt
* \textwidth=345.41646pt
* \textheight=244.6939pt
* \oddsidemargin=-62.88054pt
* \evensidemargin=-62.88054pt
* \topmargin=-72.26999pt
* \headheight=14.22636pt
* \headsep=0.0pt
* \topskip=9.0pt
* \footskip=14.22636pt
* \marginparwidth=4.0pt
* \marginparsep=10.0pt
* \columnsep=10.0pt
* \skip\footins=7.0pt plus 4.0pt minus 2.0pt
* \hoffset=0.0pt
* \voffset=0.0pt
* \mag=1000
* \@twocolumnfalse
* \@twosidefalse
* \@mparswitchfalse
* \@reversemarginfalse
* (1in=72.27pt=25.4mm, 1cm=28.453pt)

(/usr/share/texlive/texmf-dist/tex/context/base/mkii/supp-pdf.mkii
[Loading MPS to PDF converter (version 2006.09.02).]
\scratchcounter=\count492
\scratchdimen=\dimen338
\scratchbox=\box92
\nofMPsegments=\count493
\nofMParguments=\count494
\everyMPshowfont=\toks60
\MPscratchCnt=\count495
\MPscratchDim=\dimen339
\MPnumerator=\count496
\makeMPintoPDFobject=\count497
\everyMPtoPDFconversion=\toks61
) (/usr/share/texlive/texmf-dist/tex/latex/epstopdf-pkg/epstopdf-base.sty
Package: epstopdf-base 2020-01-24 v2.11 Base part for package epstopdf
Package epstopdf-base Info: Redefining graphics rule for `.eps' on input line 485.
 (/usr/share/texlive/texmf-dist/tex/latex/latexconfig/epstopdf-sys.cfg
File: epstopdf-sys.cfg 2010/07/13 v1.3 Configuration of (r)epstopdf for TeX Live
)) ABD: EveryShipout initializing macros
\AtBeginShipoutBox=\box93
Package hyperref Info: Link coloring OFF on input line 447.
 (/usr/share/texlive/texmf-dist/tex/latex/hyperref/nameref.sty
Package: nameref 2019/09/16 v2.46 Cross-referencing by name of section
 (/usr/share/texlive/texmf-dist/tex/latex/refcount/refcount.sty
Package: refcount 2019/12/15 v3.6 Data extraction from label references (HO)
) (/usr/share/texlive/texmf-dist/tex/generic/gettitlestring/gettitlestring.sty
Package: gettitlestring 2019/12/15 v1.6 Cleanup title references (HO)
)
\c@section@level=\count498
)
LaTeX Info: Redefining \ref on input line 447.
LaTeX Info: Redefining \pageref on input line 447.
LaTeX Info: Redefining \nameref on input line 447.
 (/home/federico/Documents/journalClubDirtrel/main.out) (/home/federico/Documents/journalClubDirtrel/main.out)
\@outlinefile=\write8
\openout8 = `main.out'.

LaTeX Font Info:    Overwriting symbol font `operators' in version `normal'
(Font)                  OT1/lmr/m/n --> OT1/cmss/m/n on input line 447.
LaTeX Font Info:    Overwriting symbol font `operators' in version `bold'
(Font)                  OT1/lmr/bx/n --> OT1/cmss/b/n on input line 447.
LaTeX Font Info:    Overwriting symbol font `operators' in version `normal'
(Font)                  OT1/cmss/m/n --> OT1/lmss/m/n on input line 447.
LaTeX Font Info:    Overwriting symbol font `operators' in version `bold'
(Font)                  OT1/cmss/b/n --> OT1/lmss/b/n on input line 447.
\symnumbers=\mathgroup11
\sympureletters=\mathgroup12
LaTeX Font Info:    Overwriting math alphabet `\mathrm' in version `normal'
(Font)                  OT1/lmss/m/n --> OT1/lmr/m/n on input line 447.
LaTeX Font Info:    Redeclaring math alphabet \mathbf on input line 447.
LaTeX Font Info:    Overwriting math alphabet `\mathbf' in version `normal'
(Font)                  OT1/lmr/bx/n --> OT1/lmss/b/n on input line 447.
LaTeX Font Info:    Overwriting math alphabet `\mathbf' in version `bold'
(Font)                  OT1/lmr/bx/n --> OT1/lmss/b/n on input line 447.
LaTeX Font Info:    Redeclaring math alphabet \mathsf on input line 447.
LaTeX Font Info:    Overwriting math alphabet `\mathsf' in version `normal'
(Font)                  OT1/lmss/m/n --> OT1/lmss/m/n on input line 447.
LaTeX Font Info:    Overwriting math alphabet `\mathsf' in version `bold'
(Font)                  OT1/lmss/bx/n --> OT1/lmss/m/n on input line 447.
LaTeX Font Info:    Redeclaring math alphabet \mathit on input line 447.
LaTeX Font Info:    Overwriting math alphabet `\mathit' in version `normal'
(Font)                  OT1/lmr/m/it --> OT1/lmss/m/it on input line 447.
LaTeX Font Info:    Overwriting math alphabet `\mathit' in version `bold'
(Font)                  OT1/lmr/bx/it --> OT1/lmss/m/it on input line 447.
LaTeX Font Info:    Redeclaring math alphabet \mathtt on input line 447.
LaTeX Font Info:    Overwriting math alphabet `\mathtt' in version `normal'
(Font)                  OT1/lmtt/m/n --> OT1/lmtt/m/n on input line 447.
LaTeX Font Info:    Overwriting math alphabet `\mathtt' in version `bold'
(Font)                  OT1/lmtt/m/n --> OT1/lmtt/m/n on input line 447.
LaTeX Font Info:    Overwriting symbol font `numbers' in version `bold'
(Font)                  OT1/lmss/m/n --> OT1/lmss/b/n on input line 447.
LaTeX Font Info:    Overwriting symbol font `pureletters' in version `bold'
(Font)                  OT1/lmss/m/it --> OT1/lmss/b/it on input line 447.
LaTeX Font Info:    Overwriting math alphabet `\mathrm' in version `bold'
(Font)                  OT1/lmss/b/n --> OT1/lmr/b/n on input line 447.
LaTeX Font Info:    Overwriting math alphabet `\mathbf' in version `bold'
(Font)                  OT1/lmss/b/n --> OT1/lmss/b/n on input line 447.
LaTeX Font Info:    Overwriting math alphabet `\mathsf' in version `bold'
(Font)                  OT1/lmss/m/n --> OT1/lmss/b/n on input line 447.
LaTeX Font Info:    Overwriting math alphabet `\mathit' in version `bold'
(Font)                  OT1/lmss/m/it --> OT1/lmss/b/it on input line 447.
LaTeX Font Info:    Overwriting math alphabet `\mathtt' in version `bold'
(Font)                  OT1/lmtt/m/n --> OT1/lmtt/b/n on input line 447.
 (/usr/share/texlive/texmf-dist/tex/latex/translator/translator-basic-dictionary-English.dict
Dictionary: translator-basic-dictionary, Language: English 
) (/usr/share/texlive/texmf-dist/tex/latex/translator/translator-bibliography-dictionary-English.dict
Dictionary: translator-bibliography-dictionary, Language: English 
) (/usr/share/texlive/texmf-dist/tex/latex/translator/translator-environment-dictionary-English.dict
Dictionary: translator-environment-dictionary, Language: English 
) (/usr/share/texlive/texmf-dist/tex/latex/translator/translator-months-dictionary-English.dict
Dictionary: translator-months-dictionary, Language: English 
) (/usr/share/texlive/texmf-dist/tex/latex/translator/translator-numbers-dictionary-English.dict
Dictionary: translator-numbers-dictionary, Language: English 
) (/usr/share/texlive/texmf-dist/tex/latex/translator/translator-theorem-dictionary-English.dict
Dictionary: translator-theorem-dictionary, Language: English 
) ABD: EverySelectfont initializing macros
LaTeX Info: Redefining \selectfont on input line 447.
LaTeX Info: Redefining \microtypecontext on input line 447.
Package microtype Info: Generating PDF output.
Package microtype Info: Character protrusion enabled (level 2).
Package microtype Info: Using default protrusion set `alltext'.
Package microtype Info: Automatic font expansion enabled (level 2),
(microtype)             stretch: 20, shrink: 20, step: 1, non-selected.
Package microtype Info: Using default expansion set `basictext'.
LaTeX Info: Redefining \showhyphens on input line 447.
Package microtype Info: No adjustment of tracking.
Package microtype Info: No adjustment of interword spacing.
Package microtype Info: No adjustment of character kerning.
Package microtype Info: Loading generic protrusion settings for font family
(microtype)             `lmss' (encoding: OT1).
(microtype)             For optimal results, create family-specific settings.
(microtype)             See the microtype manual for details.
\c@lstlisting=\count499
Package biblatex Info: Trying to load language 'english'...
Package biblatex Info: ... file 'english.lbx' found.
 (/usr/share/texlive/texmf-dist/tex/latex/biblatex/lbx/english.lbx
File: english.lbx 2019/12/01 v3.14 biblatex localization (PK/MW)
)
Package biblatex Info: Trying to load language 'british'...
Package biblatex Info: ... file 'british.lbx' found.
 (/usr/share/texlive/texmf-dist/tex/latex/biblatex/lbx/british.lbx
File: british.lbx 2019/12/01 v3.14 biblatex localization (PK/MW)
Package biblatex Info: Trying to load language 'english'...
Package biblatex Info: ... file 'english.lbx' found.
 (/usr/share/texlive/texmf-dist/tex/latex/biblatex/lbx/english.lbx
File: english.lbx 2019/12/01 v3.14 biblatex localization (PK/MW)
))
Package biblatex Info: Input encoding 'utf8' detected.
Package biblatex Info: Automatic encoding selection.
(biblatex)             Assuming data encoding 'utf8'.
\openout5 = `main.bcf'.

Package biblatex Info: Trying to load bibliographic data...
Package biblatex Info: ... file 'main.bbl' found.
 (/home/federico/Documents/journalClubDirtrel/main.bbl)
Package biblatex Info: Reference section=0 on input line 447.
Package biblatex Info: Reference segment=0 on input line 447.
 (/home/federico/Documents/journalClubDirtrel/main.nav)
<figures/LogoUniPD.png, id=38, 238.8925pt x 240.9pt>
File: figures/LogoUniPD.png Graphic file (type png)
<use figures/LogoUniPD.png>
Package pdftex.def Info: figures/LogoUniPD.png  used on input line 447.
(pdftex.def)             Requested size: 15.42284pt x 15.55528pt.

Overfull \hbox (43.70723pt too wide) in paragraph at lines 447--447
[]  
 []

<defines/figures_template/dfki-plain.pdf, id=41, 365.3319pt x 138.9772pt>
File: defines/figures_template/dfki-plain.pdf Graphic file (type pdf)
<use defines/figures_template/dfki-plain.pdf>
Package pdftex.def Info: defines/figures_template/dfki-plain.pdf  used on input line 447.
(pdftex.def)             Requested size: 35.04692pt x 13.3331pt.
<defines/figures_template/top_bar_slim.png, id=42, 722.7pt x 2.409pt>
File: defines/figures_template/top_bar_slim.png Graphic file (type png)
<use defines/figures_template/top_bar_slim.png>
Package pdftex.def Info: defines/figures_template/top_bar_slim.png  used on input line 447.
(pdftex.def)             Requested size: 364.19536pt x 1.21396pt.
(/home/federico/Documents/journalClubDirtrel/commands.tex)

Package hyperref Warning: Option `pdfauthor' has already been used,
(hyperref)                setting the option has no effect on input line 462.

<figures/trajStab.pdf, id=64, 94.85437pt x 44.41594pt>
File: figures/trajStab.pdf Graphic file (type pdf)
<use figures/trajStab.pdf>
Package pdftex.def Info: figures/trajStab.pdf  used on input line 471.
(pdftex.def)             Requested size: 75.9328pt x 35.55496pt.


pdfTeX warning: pdflatex (file /home/federico/Documents/journalClubDirtrel/figures/Logo_Underactuated_Lab_Final.pdf): PDF inclusion: found PDF version <1.6>, but at most version <1.5> allowed
<figures/Logo_Underactuated_Lab_Final.pdf, id=65, 2463.98546pt x 599.40637pt>
File: figures/Logo_Underactuated_Lab_Final.pdf Graphic file (type pdf)
<use figures/Logo_Underactuated_Lab_Final.pdf>
Package pdftex.def Info: figures/Logo_Underactuated_Lab_Final.pdf  used on input line 471.
(pdftex.def)             Requested size: 43.8385pt x 10.66644pt.
File: defines/figures_template/dfki-plain.pdf Graphic file (type pdf)
<use defines/figures_template/dfki-plain.pdf>
Package pdftex.def Info: defines/figures_template/dfki-plain.pdf  used on input line 471.
(pdftex.def)             Requested size: 35.04692pt x 13.3331pt.
File: defines/figures_template/top_bar_slim.png Graphic file (type png)
<use defines/figures_template/top_bar_slim.png>
Package pdftex.def Info: defines/figures_template/top_bar_slim.png  used on input line 471.
(pdftex.def)             Requested size: 364.19536pt x 1.21396pt.
File: figures/LogoUniPD.png Graphic file (type png)
<use figures/LogoUniPD.png>
Package pdftex.def Info: figures/LogoUniPD.png  used on input line 471.
(pdftex.def)             Requested size: 15.42284pt x 15.55528pt.

Overfull \hbox (43.70723pt too wide) has occurred while \output is active
[]  
 []

[1{/var/lib/texmf/fonts/map/pdftex/updmap/pdftex.map}

 </home/federico/Documents/journalClubDirtrel/defines/figures_template/dfki-plain.pdf> </home/federico/Documents/journalClubDirtrel/defines/figures_template/top_bar_slim.png> </home/federico/Documents/journalClubDirtrel/figures/trajStab.pdf> </home/federico/Documents/journalClubDirtrel/figures/Logo_Underactuated_Lab_Final.pdf> </home/federico/Documents/journalClubDirtrel/figures/LogoUniPD.png>] (/home/federico/Documents/journalClubDirtrel/main.toc)
File: defines/figures_template/dfki-plain.pdf Graphic file (type pdf)
<use defines/figures_template/dfki-plain.pdf>
Package pdftex.def Info: defines/figures_template/dfki-plain.pdf  used on input line 476.
(pdftex.def)             Requested size: 35.04692pt x 13.3331pt.
File: defines/figures_template/top_bar_slim.png Graphic file (type png)
<use defines/figures_template/top_bar_slim.png>
Package pdftex.def Info: defines/figures_template/top_bar_slim.png  used on input line 476.
(pdftex.def)             Requested size: 364.19536pt x 1.21396pt.
File: figures/LogoUniPD.png Graphic file (type png)
<use figures/LogoUniPD.png>
Package pdftex.def Info: figures/LogoUniPD.png  used on input line 476.
(pdftex.def)             Requested size: 15.42284pt x 15.55528pt.

Overfull \hbox (43.70723pt too wide) has occurred while \output is active
[]  
 []

[2

]
File: defines/figures_template/dfki-plain.pdf Graphic file (type pdf)
<use defines/figures_template/dfki-plain.pdf>
Package pdftex.def Info: defines/figures_template/dfki-plain.pdf  used on input line 481.
(pdftex.def)             Requested size: 35.04692pt x 13.3331pt.
File: defines/figures_template/top_bar_slim.png Graphic file (type png)
<use defines/figures_template/top_bar_slim.png>
Package pdftex.def Info: defines/figures_template/top_bar_slim.png  used on input line 481.
(pdftex.def)             Requested size: 364.19536pt x 1.21396pt.
File: figures/LogoUniPD.png Graphic file (type png)
<use figures/LogoUniPD.png>
Package pdftex.def Info: figures/LogoUniPD.png  used on input line 481.
(pdftex.def)             Requested size: 15.42284pt x 15.55528pt.

Overfull \hbox (43.70723pt too wide) has occurred while \output is active
[]  
 []

[3

]
LaTeX Font Info:    Trying to load font information for OML+lmm on input line 505.
 (/usr/share/texmf/tex/latex/lm/omllmm.fd
File: omllmm.fd 2009/10/30 v1.6 Font defs for Latin Modern
)
LaTeX Font Info:    Trying to load font information for OMS+lmsy on input line 505.
 (/usr/share/texmf/tex/latex/lm/omslmsy.fd
File: omslmsy.fd 2009/10/30 v1.6 Font defs for Latin Modern
)
LaTeX Font Info:    Trying to load font information for OMX+lmex on input line 505.
 (/usr/share/texmf/tex/latex/lm/omxlmex.fd
File: omxlmex.fd 2009/10/30 v1.6 Font defs for Latin Modern
)
LaTeX Font Info:    External font `lmex10' loaded for size
(Font)              <5> on input line 505.
LaTeX Font Info:    Trying to load font information for U+pxsya on input line 505.
 (/usr/share/texlive/texmf-dist/tex/latex/pxfonts/upxsya.fd
File: upxsya.fd 2000/12/14 v1.0
)
LaTeX Font Info:    Trying to load font information for U+pxsyb on input line 505.
 (/usr/share/texlive/texmf-dist/tex/latex/pxfonts/upxsyb.fd
File: utxsyb.fd 2000/12/14 v1.0
)
LaTeX Font Info:    Trying to load font information for OT1+pxr on input line 505.
 (/usr/share/texlive/texmf-dist/tex/latex/pxfonts/ot1pxr.fd
File: ot1pxr.fd 2000/12/14 v1.0
) (/usr/share/texlive/texmf-dist/tex/latex/microtype/mt-ppl.cfg
File: mt-ppl.cfg 2005/11/16 v1.6 microtype config. file: Palatino (RS)
)
LaTeX Font Info:    Trying to load font information for U+pxmia on input line 505.
 (/usr/share/texlive/texmf-dist/tex/latex/pxfonts/upxmia.fd
File: upxmia.fd 2000/12/14 v1.0
)
LaTeX Font Info:    Trying to load font information for U+pxsyc on input line 505.
 (/usr/share/texlive/texmf-dist/tex/latex/pxfonts/upxsyc.fd
File: upxsyc.fd 2000/12/14 v1.0
)
LaTeX Font Info:    Trying to load font information for U+rsfs on input line 505.
 (/usr/share/texlive/texmf-dist/tex/latex/jknapltx/ursfs.fd
File: ursfs.fd 1998/03/24 rsfs font definition file (jk)
)
LaTeX Font Info:    Font shape `OT1/lmss/m/it' in size <5> not available
(Font)              Font shape `OT1/lmss/m/sl' tried instead on input line 505.
<figures/ZMphoto.jpeg, id=207, 183.68625pt x 276.03125pt>
File: figures/ZMphoto.jpeg Graphic file (type jpg)
<use figures/ZMphoto.jpeg>
Package pdftex.def Info: figures/ZMphoto.jpeg  used on input line 505.
(pdftex.def)             Requested size: 62.1722pt x 93.26392pt.
LaTeX Font Info:    External font `lmex10' loaded for size
(Font)              <8> on input line 505.
LaTeX Font Info:    External font `lmex10' loaded for size
(Font)              <6> on input line 505.
LaTeX Font Info:    Font shape `OT1/lmss/m/it' in size <8> not available
(Font)              Font shape `OT1/lmss/m/sl' tried instead on input line 505.
LaTeX Font Info:    Font shape `OT1/lmss/m/it' in size <6> not available
(Font)              Font shape `OT1/lmss/m/sl' tried instead on input line 505.
<figures/SKphoto.jpeg, id=208, 183.68625pt x 276.03125pt>
File: figures/SKphoto.jpeg Graphic file (type jpg)
<use figures/SKphoto.jpeg>
Package pdftex.def Info: figures/SKphoto.jpeg  used on input line 505.
(pdftex.def)             Requested size: 62.1722pt x 93.26392pt.
File: defines/figures_template/dfki-plain.pdf Graphic file (type pdf)
<use defines/figures_template/dfki-plain.pdf>
Package pdftex.def Info: defines/figures_template/dfki-plain.pdf  used on input line 505.
(pdftex.def)             Requested size: 35.04692pt x 13.3331pt.
File: defines/figures_template/top_bar_slim.png Graphic file (type png)
<use defines/figures_template/top_bar_slim.png>
Package pdftex.def Info: defines/figures_template/top_bar_slim.png  used on input line 505.
(pdftex.def)             Requested size: 364.19536pt x 1.21396pt.
File: figures/LogoUniPD.png Graphic file (type png)
<use figures/LogoUniPD.png>
Package pdftex.def Info: figures/LogoUniPD.png  used on input line 505.
(pdftex.def)             Requested size: 15.42284pt x 15.55528pt.

Overfull \hbox (43.70723pt too wide) has occurred while \output is active
[]  
 []

[4

 </home/federico/Documents/journalClubDirtrel/figures/ZMphoto.jpeg> </home/federico/Documents/journalClubDirtrel/figures/SKphoto.jpeg>]
File: defines/figures_template/dfki-plain.pdf Graphic file (type pdf)
<use defines/figures_template/dfki-plain.pdf>
Package pdftex.def Info: defines/figures_template/dfki-plain.pdf  used on input line 515.
(pdftex.def)             Requested size: 35.04692pt x 13.3331pt.
File: defines/figures_template/top_bar_slim.png Graphic file (type png)
<use defines/figures_template/top_bar_slim.png>
Package pdftex.def Info: defines/figures_template/top_bar_slim.png  used on input line 515.
(pdftex.def)             Requested size: 364.19536pt x 1.21396pt.
File: figures/LogoUniPD.png Graphic file (type png)
<use figures/LogoUniPD.png>
Package pdftex.def Info: figures/LogoUniPD.png  used on input line 515.
(pdftex.def)             Requested size: 15.42284pt x 15.55528pt.

Overfull \hbox (43.70723pt too wide) has occurred while \output is active
[]  
 []

[5

]
File: defines/figures_template/dfki-plain.pdf Graphic file (type pdf)
<use defines/figures_template/dfki-plain.pdf>
Package pdftex.def Info: defines/figures_template/dfki-plain.pdf  used on input line 518.
(pdftex.def)             Requested size: 35.04692pt x 13.3331pt.
File: defines/figures_template/top_bar_slim.png Graphic file (type png)
<use defines/figures_template/top_bar_slim.png>
Package pdftex.def Info: defines/figures_template/top_bar_slim.png  used on input line 518.
(pdftex.def)             Requested size: 364.19536pt x 1.21396pt.
File: figures/LogoUniPD.png Graphic file (type png)
<use figures/LogoUniPD.png>
Package pdftex.def Info: figures/LogoUniPD.png  used on input line 518.
(pdftex.def)             Requested size: 15.42284pt x 15.55528pt.

Overfull \hbox (43.70723pt too wide) has occurred while \output is active
[]  
 []

[6

]
<figures/DIRTRANprob.png, id=288, 712.6625pt x 278.03876pt>
File: figures/DIRTRANprob.png Graphic file (type png)
<use figures/DIRTRANprob.png>
Package pdftex.def Info: figures/DIRTRANprob.png  used on input line 533.
(pdftex.def)             Requested size: 207.24316pt x 86.35233pt.
File: defines/figures_template/dfki-plain.pdf Graphic file (type pdf)
<use defines/figures_template/dfki-plain.pdf>
Package pdftex.def Info: defines/figures_template/dfki-plain.pdf  used on input line 533.
(pdftex.def)             Requested size: 35.04692pt x 13.3331pt.
File: defines/figures_template/top_bar_slim.png Graphic file (type png)
<use defines/figures_template/top_bar_slim.png>
Package pdftex.def Info: defines/figures_template/top_bar_slim.png  used on input line 533.
(pdftex.def)             Requested size: 364.19536pt x 1.21396pt.
File: figures/LogoUniPD.png Graphic file (type png)
<use figures/LogoUniPD.png>
Package pdftex.def Info: figures/LogoUniPD.png  used on input line 533.
(pdftex.def)             Requested size: 15.42284pt x 15.55528pt.

Overfull \hbox (43.70723pt too wide) has occurred while \output is active
[]  
 []

[7

 </home/federico/Documents/journalClubDirtrel/figures/DIRTRANprob.png>]
File: defines/figures_template/dfki-plain.pdf Graphic file (type pdf)
<use defines/figures_template/dfki-plain.pdf>
Package pdftex.def Info: defines/figures_template/dfki-plain.pdf  used on input line 536.
(pdftex.def)             Requested size: 35.04692pt x 13.3331pt.
File: defines/figures_template/top_bar_slim.png Graphic file (type png)
<use defines/figures_template/top_bar_slim.png>
Package pdftex.def Info: defines/figures_template/top_bar_slim.png  used on input line 536.
(pdftex.def)             Requested size: 364.19536pt x 1.21396pt.
File: figures/LogoUniPD.png Graphic file (type png)
<use figures/LogoUniPD.png>
Package pdftex.def Info: figures/LogoUniPD.png  used on input line 536.
(pdftex.def)             Requested size: 15.42284pt x 15.55528pt.

Overfull \hbox (43.70723pt too wide) has occurred while \output is active
[]  
 []

[8

]
File: defines/figures_template/dfki-plain.pdf Graphic file (type pdf)
<use defines/figures_template/dfki-plain.pdf>
Package pdftex.def Info: defines/figures_template/dfki-plain.pdf  used on input line 548.
(pdftex.def)             Requested size: 35.04692pt x 13.3331pt.
File: defines/figures_template/top_bar_slim.png Graphic file (type png)
<use defines/figures_template/top_bar_slim.png>
Package pdftex.def Info: defines/figures_template/top_bar_slim.png  used on input line 548.
(pdftex.def)             Requested size: 364.19536pt x 1.21396pt.
File: figures/LogoUniPD.png Graphic file (type png)
<use figures/LogoUniPD.png>
Package pdftex.def Info: figures/LogoUniPD.png  used on input line 548.
(pdftex.def)             Requested size: 15.42284pt x 15.55528pt.

Overfull \hbox (43.70723pt too wide) has occurred while \output is active
[]  
 []

[9

]
File: defines/figures_template/dfki-plain.pdf Graphic file (type pdf)
<use defines/figures_template/dfki-plain.pdf>
Package pdftex.def Info: defines/figures_template/dfki-plain.pdf  used on input line 562.
(pdftex.def)             Requested size: 35.04692pt x 13.3331pt.
File: defines/figures_template/top_bar_slim.png Graphic file (type png)
<use defines/figures_template/top_bar_slim.png>
Package pdftex.def Info: defines/figures_template/top_bar_slim.png  used on input line 562.
(pdftex.def)             Requested size: 364.19536pt x 1.21396pt.
File: figures/LogoUniPD.png Graphic file (type png)
<use figures/LogoUniPD.png>
Package pdftex.def Info: figures/LogoUniPD.png  used on input line 562.
(pdftex.def)             Requested size: 15.42284pt x 15.55528pt.

Overfull \hbox (43.70723pt too wide) has occurred while \output is active
[]  
 []

[10

]
File: defines/figures_template/dfki-plain.pdf Graphic file (type pdf)
<use defines/figures_template/dfki-plain.pdf>
Package pdftex.def Info: defines/figures_template/dfki-plain.pdf  used on input line 578.
(pdftex.def)             Requested size: 35.04692pt x 13.3331pt.
File: defines/figures_template/top_bar_slim.png Graphic file (type png)
<use defines/figures_template/top_bar_slim.png>
Package pdftex.def Info: defines/figures_template/top_bar_slim.png  used on input line 578.
(pdftex.def)             Requested size: 364.19536pt x 1.21396pt.
File: figures/LogoUniPD.png Graphic file (type png)
<use figures/LogoUniPD.png>
Package pdftex.def Info: figures/LogoUniPD.png  used on input line 578.
(pdftex.def)             Requested size: 15.42284pt x 15.55528pt.

Overfull \hbox (43.70723pt too wide) has occurred while \output is active
[]  
 []

[11

]
File: defines/figures_template/dfki-plain.pdf Graphic file (type pdf)
<use defines/figures_template/dfki-plain.pdf>
Package pdftex.def Info: defines/figures_template/dfki-plain.pdf  used on input line 589.
(pdftex.def)             Requested size: 35.04692pt x 13.3331pt.
File: defines/figures_template/top_bar_slim.png Graphic file (type png)
<use defines/figures_template/top_bar_slim.png>
Package pdftex.def Info: defines/figures_template/top_bar_slim.png  used on input line 589.
(pdftex.def)             Requested size: 364.19536pt x 1.21396pt.
File: figures/LogoUniPD.png Graphic file (type png)
<use figures/LogoUniPD.png>
Package pdftex.def Info: figures/LogoUniPD.png  used on input line 589.
(pdftex.def)             Requested size: 15.42284pt x 15.55528pt.

Overfull \hbox (43.70723pt too wide) has occurred while \output is active
[]  
 []

[12

]
<figures/DIRTRELprob.png, id=455, 735.74875pt x 377.41pt>
File: figures/DIRTRELprob.png Graphic file (type png)
<use figures/DIRTRELprob.png>
Package pdftex.def Info: figures/DIRTRELprob.png  used on input line 596.
(pdftex.def)             Requested size: 276.34294pt x 138.16525pt.
File: defines/figures_template/dfki-plain.pdf Graphic file (type pdf)
<use defines/figures_template/dfki-plain.pdf>
Package pdftex.def Info: defines/figures_template/dfki-plain.pdf  used on input line 596.
(pdftex.def)             Requested size: 35.04692pt x 13.3331pt.
File: defines/figures_template/top_bar_slim.png Graphic file (type png)
<use defines/figures_template/top_bar_slim.png>
Package pdftex.def Info: defines/figures_template/top_bar_slim.png  used on input line 596.
(pdftex.def)             Requested size: 364.19536pt x 1.21396pt.
File: figures/LogoUniPD.png Graphic file (type png)
<use figures/LogoUniPD.png>
Package pdftex.def Info: figures/LogoUniPD.png  used on input line 596.
(pdftex.def)             Requested size: 15.42284pt x 15.55528pt.

Overfull \hbox (43.70723pt too wide) has occurred while \output is active
[]  
 []

[13

 </home/federico/Documents/journalClubDirtrel/figures/DIRTRELprob.png>]
File: defines/figures_template/dfki-plain.pdf Graphic file (type pdf)
<use defines/figures_template/dfki-plain.pdf>
Package pdftex.def Info: defines/figures_template/dfki-plain.pdf  used on input line 599.
(pdftex.def)             Requested size: 35.04692pt x 13.3331pt.
File: defines/figures_template/top_bar_slim.png Graphic file (type png)
<use defines/figures_template/top_bar_slim.png>
Package pdftex.def Info: defines/figures_template/top_bar_slim.png  used on input line 599.
(pdftex.def)             Requested size: 364.19536pt x 1.21396pt.
File: figures/LogoUniPD.png Graphic file (type png)
<use figures/LogoUniPD.png>
Package pdftex.def Info: figures/LogoUniPD.png  used on input line 599.
(pdftex.def)             Requested size: 15.42284pt x 15.55528pt.

Overfull \hbox (43.70723pt too wide) has occurred while \output is active
[]  
 []

[14

]
<figures/dirtranSimDist.png, id=511, 542.025pt x 408.52625pt>
File: figures/dirtranSimDist.png Graphic file (type png)
<use figures/dirtranSimDist.png>
Package pdftex.def Info: figures/dirtranSimDist.png  used on input line 618.
(pdftex.def)             Requested size: 124.34883pt x 93.2609pt.
<figures/dirtrelSimDist.png, id=512, 556.0775pt x 416.55624pt>
File: figures/dirtrelSimDist.png Graphic file (type png)
<use figures/dirtrelSimDist.png>
Package pdftex.def Info: figures/dirtrelSimDist.png  used on input line 618.
(pdftex.def)             Requested size: 129.01515pt x 97.9225pt.
File: defines/figures_template/dfki-plain.pdf Graphic file (type pdf)
<use defines/figures_template/dfki-plain.pdf>
Package pdftex.def Info: defines/figures_template/dfki-plain.pdf  used on input line 618.
(pdftex.def)             Requested size: 35.04692pt x 13.3331pt.
File: defines/figures_template/top_bar_slim.png Graphic file (type png)
<use defines/figures_template/top_bar_slim.png>
Package pdftex.def Info: defines/figures_template/top_bar_slim.png  used on input line 618.
(pdftex.def)             Requested size: 364.19536pt x 1.21396pt.
File: figures/LogoUniPD.png Graphic file (type png)
<use figures/LogoUniPD.png>
Package pdftex.def Info: figures/LogoUniPD.png  used on input line 618.
(pdftex.def)             Requested size: 15.42284pt x 15.55528pt.

Overfull \hbox (43.70723pt too wide) has occurred while \output is active
[]  
 []

[15

 </home/federico/Documents/journalClubDirtrel/figures/dirtranSimDist.png> </home/federico/Documents/journalClubDirtrel/figures/dirtrelSimDist.png>]
<figures/rhoComparison.png, id=541, 462.528pt x 346.896pt>
File: figures/rhoComparison.png Graphic file (type png)
<use figures/rhoComparison.png>
Package pdftex.def Info: figures/rhoComparison.png  used on input line 637.
(pdftex.def)             Requested size: 132.11826pt x 101.0313pt.
<figures/funnelComparison.png, id=542, 462.528pt x 346.896pt>
File: figures/funnelComparison.png Graphic file (type png)
<use figures/funnelComparison.png>
Package pdftex.def Info: figures/funnelComparison.png  used on input line 637.
(pdftex.def)             Requested size: 132.11826pt x 101.0313pt.
File: defines/figures_template/dfki-plain.pdf Graphic file (type pdf)
<use defines/figures_template/dfki-plain.pdf>
Package pdftex.def Info: defines/figures_template/dfki-plain.pdf  used on input line 637.
(pdftex.def)             Requested size: 35.04692pt x 13.3331pt.
File: defines/figures_template/top_bar_slim.png Graphic file (type png)
<use defines/figures_template/top_bar_slim.png>
Package pdftex.def Info: defines/figures_template/top_bar_slim.png  used on input line 637.
(pdftex.def)             Requested size: 364.19536pt x 1.21396pt.
File: figures/LogoUniPD.png Graphic file (type png)
<use figures/LogoUniPD.png>
Package pdftex.def Info: figures/LogoUniPD.png  used on input line 637.
(pdftex.def)             Requested size: 15.42284pt x 15.55528pt.

Overfull \hbox (43.70723pt too wide) has occurred while \output is active
[]  
 []

[16

 </home/federico/Documents/journalClubDirtrel/figures/rhoComparison.png> </home/federico/Documents/journalClubDirtrel/figures/funnelComparison.png>]
<figures/cartpoleSys.png, id=571, 543.02875pt x 386.44376pt>
File: figures/cartpoleSys.png Graphic file (type png)
<use figures/cartpoleSys.png>
Package pdftex.def Info: figures/cartpoleSys.png  used on input line 656.
(pdftex.def)             Requested size: 124.3471pt x 108.80496pt.
<figures/cartpoleTraj.png, id=572, 662.475pt x 786.94pt>
File: figures/cartpoleTraj.png Graphic file (type png)
<use figures/cartpoleTraj.png>
Package pdftex.def Info: figures/cartpoleTraj.png  used on input line 656.
(pdftex.def)             Requested size: 108.79823pt x 132.12096pt.
File: defines/figures_template/dfki-plain.pdf Graphic file (type pdf)
<use defines/figures_template/dfki-plain.pdf>
Package pdftex.def Info: defines/figures_template/dfki-plain.pdf  used on input line 656.
(pdftex.def)             Requested size: 35.04692pt x 13.3331pt.
File: defines/figures_template/top_bar_slim.png Graphic file (type png)
<use defines/figures_template/top_bar_slim.png>
Package pdftex.def Info: defines/figures_template/top_bar_slim.png  used on input line 656.
(pdftex.def)             Requested size: 364.19536pt x 1.21396pt.
File: figures/LogoUniPD.png Graphic file (type png)
<use figures/LogoUniPD.png>
Package pdftex.def Info: figures/LogoUniPD.png  used on input line 656.
(pdftex.def)             Requested size: 15.42284pt x 15.55528pt.

Overfull \hbox (43.70723pt too wide) has occurred while \output is active
[]  
 []

[17

 </home/federico/Documents/journalClubDirtrel/figures/cartpoleSys.png> </home/federico/Documents/journalClubDirtrel/figures/cartpoleTraj.png>]
<figures/quadrotorTraj.png, id=601, 717.68124pt x 497.86pt>
File: figures/quadrotorTraj.png Graphic file (type png)
<use figures/quadrotorTraj.png>
Package pdftex.def Info: figures/quadrotorTraj.png  used on input line 663.
(pdftex.def)             Requested size: 241.78535pt x 172.71147pt.
File: defines/figures_template/dfki-plain.pdf Graphic file (type pdf)
<use defines/figures_template/dfki-plain.pdf>
Package pdftex.def Info: defines/figures_template/dfki-plain.pdf  used on input line 663.
(pdftex.def)             Requested size: 35.04692pt x 13.3331pt.
File: defines/figures_template/top_bar_slim.png Graphic file (type png)
<use defines/figures_template/top_bar_slim.png>
Package pdftex.def Info: defines/figures_template/top_bar_slim.png  used on input line 663.
(pdftex.def)             Requested size: 364.19536pt x 1.21396pt.
File: figures/LogoUniPD.png Graphic file (type png)
<use figures/LogoUniPD.png>
Package pdftex.def Info: figures/LogoUniPD.png  used on input line 663.
(pdftex.def)             Requested size: 15.42284pt x 15.55528pt.

Overfull \hbox (43.70723pt too wide) has occurred while \output is active
[]  
 []

[18

 </home/federico/Documents/journalClubDirtrel/figures/quadrotorTraj.png>]
<figures/armTraj.png, id=630, 718.685pt x 524.96124pt>
File: figures/armTraj.png Graphic file (type png)
<use figures/armTraj.png>
Package pdftex.def Info: figures/armTraj.png  used on input line 670.
(pdftex.def)             Requested size: 241.78357pt x 172.70906pt.
File: defines/figures_template/dfki-plain.pdf Graphic file (type pdf)
<use defines/figures_template/dfki-plain.pdf>
Package pdftex.def Info: defines/figures_template/dfki-plain.pdf  used on input line 670.
(pdftex.def)             Requested size: 35.04692pt x 13.3331pt.
File: defines/figures_template/top_bar_slim.png Graphic file (type png)
<use defines/figures_template/top_bar_slim.png>
Package pdftex.def Info: defines/figures_template/top_bar_slim.png  used on input line 670.
(pdftex.def)             Requested size: 364.19536pt x 1.21396pt.
File: figures/LogoUniPD.png Graphic file (type png)
<use figures/LogoUniPD.png>
Package pdftex.def Info: figures/LogoUniPD.png  used on input line 670.
(pdftex.def)             Requested size: 15.42284pt x 15.55528pt.

Overfull \hbox (43.70723pt too wide) has occurred while \output is active
[]  
 []

[19

 </home/federico/Documents/journalClubDirtrel/figures/armTraj.png>]
File: defines/figures_template/dfki-plain.pdf Graphic file (type pdf)
<use defines/figures_template/dfki-plain.pdf>
Package pdftex.def Info: defines/figures_template/dfki-plain.pdf  used on input line 676.
(pdftex.def)             Requested size: 35.04692pt x 13.3331pt.
File: defines/figures_template/top_bar_slim.png Graphic file (type png)
<use defines/figures_template/top_bar_slim.png>
Package pdftex.def Info: defines/figures_template/top_bar_slim.png  used on input line 676.
(pdftex.def)             Requested size: 364.19536pt x 1.21396pt.
File: figures/LogoUniPD.png Graphic file (type png)
<use figures/LogoUniPD.png>
Package pdftex.def Info: figures/LogoUniPD.png  used on input line 676.
(pdftex.def)             Requested size: 15.42284pt x 15.55528pt.

Overfull \hbox (43.70723pt too wide) has occurred while \output is active
[]  
 []

[20

]
File: defines/figures_template/dfki-plain.pdf Graphic file (type pdf)
<use defines/figures_template/dfki-plain.pdf>
Package pdftex.def Info: defines/figures_template/dfki-plain.pdf  used on input line 678.
(pdftex.def)             Requested size: 35.04692pt x 13.3331pt.
File: defines/figures_template/top_bar_slim.png Graphic file (type png)
<use defines/figures_template/top_bar_slim.png>
Package pdftex.def Info: defines/figures_template/top_bar_slim.png  used on input line 678.
(pdftex.def)             Requested size: 364.19536pt x 1.21396pt.
File: figures/LogoUniPD.png Graphic file (type png)
<use figures/LogoUniPD.png>
Package pdftex.def Info: figures/LogoUniPD.png  used on input line 678.
(pdftex.def)             Requested size: 15.42284pt x 15.55528pt.

Overfull \hbox (43.70723pt too wide) has occurred while \output is active
[]  
 []

[21

]
File: defines/figures_template/dfki-plain.pdf Graphic file (type pdf)
<use defines/figures_template/dfki-plain.pdf>
Package pdftex.def Info: defines/figures_template/dfki-plain.pdf  used on input line 681.
(pdftex.def)             Requested size: 35.04692pt x 13.3331pt.
File: defines/figures_template/top_bar_slim.png Graphic file (type png)
<use defines/figures_template/top_bar_slim.png>
Package pdftex.def Info: defines/figures_template/top_bar_slim.png  used on input line 681.
(pdftex.def)             Requested size: 364.19536pt x 1.21396pt.
File: figures/LogoUniPD.png Graphic file (type png)
<use figures/LogoUniPD.png>
Package pdftex.def Info: figures/LogoUniPD.png  used on input line 681.
(pdftex.def)             Requested size: 15.42284pt x 15.55528pt.

Overfull \hbox (43.70723pt too wide) has occurred while \output is active
[]  
 []

[22

]
File: defines/figures_template/dfki-plain.pdf Graphic file (type pdf)
<use defines/figures_template/dfki-plain.pdf>
Package pdftex.def Info: defines/figures_template/dfki-plain.pdf  used on input line 684.
(pdftex.def)             Requested size: 35.04692pt x 13.3331pt.
File: defines/figures_template/top_bar_slim.png Graphic file (type png)
<use defines/figures_template/top_bar_slim.png>
Package pdftex.def Info: defines/figures_template/top_bar_slim.png  used on input line 684.
(pdftex.def)             Requested size: 364.19536pt x 1.21396pt.
File: figures/LogoUniPD.png Graphic file (type png)
<use figures/LogoUniPD.png>
Package pdftex.def Info: figures/LogoUniPD.png  used on input line 684.
(pdftex.def)             Requested size: 15.42284pt x 15.55528pt.

Overfull \hbox (43.70723pt too wide) has occurred while \output is active
[]  
 []

[23

]
\tf@nav=\write9
\openout9 = `main.nav'.

\tf@toc=\write10
\openout10 = `main.toc'.

\tf@snm=\write11
\openout11 = `main.snm'.

Package atveryend Info: Empty hook `BeforeClearDocument' on input line 686.
Package atveryend Info: Empty hook `AfterLastShipout' on input line 686.
 (/home/federico/Documents/journalClubDirtrel/main.aux)
Package atveryend Info: Executing hook `AtVeryEndDocument' on input line 686.
Package atveryend Info: Executing hook `AtEndAfterFileList' on input line 686.
Package rerunfilecheck Info: File `main.out' has not changed.
(rerunfilecheck)             Checksum: 7CD7E197BC06F80801B98EB4383EA495;261.
Package logreq Info: Writing requests to 'main.run.xml'.
\openout1 = `main.run.xml'.

 ) 
Here is how much of TeX's memory you used:
 36198 strings out of 481239
 689831 string characters out of 5920377
 1413340 words of memory out of 5000000
 50521 multiletter control sequences out of 15000+600000
 589043 words of font info for 89 fonts, out of 8000000 for 9000
 1141 hyphenation exceptions out of 8191
 58i,20n,67p,853b,2188s stack positions out of 5000i,500n,10000p,200000b,80000s
{/usr/share/texmf/fonts/enc/dvips/lm/lm-mathit.enc}{/usr/share/texmf/fonts/enc/dvips/lm/lm-mathex.enc}{/usr/share/texmf/fonts/enc/dvips/lm/lm-mathsy.enc}{/usr/share/texmf/fonts/enc/dvips/lm/lm-rm.enc}</usr/share/texmf/fonts/type1/public/lm/lmex10.pfb></usr/share/texmf/fonts/type1/public/lm/lmmi6.pfb></usr/share/texmf/fonts/type1/public/lm/lmmi8.pfb></usr/share/texmf/fonts/type1/public/lm/lmss12.pfb></usr/share/texmf/fonts/type1/public/lm/lmss8.pfb></usr/share/texmf/fonts/type1/public/lm/lmssbx10.pfb></usr/share/texmf/fonts/type1/public/lm/lmsso8.pfb></usr/share/texmf/fonts/type1/public/lm/lmsy5.pfb></usr/share/texmf/fonts/type1/public/lm/lmsy6.pfb></usr/share/texmf/fonts/type1/public/lm/lmsy8.pfb>
Output written on /home/federico/Documents/journalClubDirtrel/main.pdf (23 pages, 986266 bytes).
PDF statistics:
 751 PDF objects out of 1000 (max. 8388607)
 637 compressed objects within 7 object streams
 52 named destinations out of 1000 (max. 500000)
 18136 words of extra memory for PDF output out of 20736 (max. 10000000)

